<?xml version="1.0" encoding="UTF-8"?>
<robot generator="Robot 4.1.1 (Python 3.9.7 on win32)" generated="20211013 09:49:47.198" rpa="false" schemaversion="2">
<suite id="s1" name="Testcases" source="D:\ShopeeLuan\testcases">
<suite id="s1-s1" name="Search Function Invalid" source="D:\ShopeeLuan\testcases\search_function_invalid.robot">
<test id="s1-s1-t1" name="Verify Message When Search With Invalid Keyword">
<kw name="Open Application" library="common_keywords" type="SETUP">
<arg>${device_info.luan_device}</arg>
<kw name="Create Dictionary" library="BuiltIn">
<var>${device_data_dict}</var>
<arg>deviceName</arg>
<arg>${device_data.deviceName}</arg>
<arg>platformName</arg>
<arg>${device_data.platformName}</arg>
<arg>platformVersion</arg>
<arg>${device_data.platformVersion}</arg>
<arg>app</arg>
<arg>${device_data.app}</arg>
<arg>newCommandTimeout</arg>
<arg>${device_data.newCommandTimeout}</arg>
<arg>noReset</arg>
<arg>${device_data.noReset}</arg>
<arg>autoGrantPermissions</arg>
<arg>${device_data.autoGrantPermissions}</arg>
<doc>Creates and returns a dictionary based on the given ``items``.</doc>
<msg timestamp="20211013 09:49:48.324" level="INFO">${device_data_dict} = {'deviceName': 'emulator-5554', 'platformName': 'android', 'platformVersion': '11', 'app': 'D:/shopeeApp/Shopee.apk', 'newCommandTimeout': 400, 'noReset': False, 'autoGrantPermissions': True}</msg>
<status status="PASS" starttime="20211013 09:49:48.321" endtime="20211013 09:49:48.324"/>
</kw>
<kw name="Open Application" library="AppiumLibrary">
<arg>http://127.0.0.1:4723/wd/hub</arg>
<arg>&amp;{device_data_dict}</arg>
<doc>Opens a new application to given Appium server.
Capabilities of appium server, Android and iOS,
Please check https://github.com/appium/appium/blob/master/docs/en/writing-running-appium/server-args.md
| *Option*            | *Man.* | *Description*     |
| remote_url          | Yes    | Appium server url |
| alias               | no     | alias             |</doc>
<status status="PASS" starttime="20211013 09:49:48.324" endtime="20211013 09:50:02.287"/>
</kw>
<kw name="Swipe Left To Find Element" library="common_keywords">
<arg>${big_locator}</arg>
<arg>${start_button}</arg>
<kw name="Wait Until Element Is Visible" library="common_keywords">
<arg>${scroallable_elem}</arg>
<doc>Wait element is visible</doc>
<kw name="Wait Until Element Is Visible" library="AppiumLibrary">
<arg>${locator}</arg>
<arg>timeout=${timeout}</arg>
<doc>Waits until element specified with `locator` is visible.</doc>
<status status="PASS" starttime="20211013 09:50:02.288" endtime="20211013 09:50:03.853"/>
</kw>
<status status="PASS" starttime="20211013 09:50:02.288" endtime="20211013 09:50:03.853"/>
</kw>
<kw name="Get Webelement" library="AppiumLibrary">
<var>${elem_locator}</var>
<arg>${scroallable_elem}</arg>
<doc>Returns the first [http://selenium-python.readthedocs.io/api.html#module-selenium.webdriver.remote.webelement|WebElement] object matching ``locator``.</doc>
<msg timestamp="20211013 09:50:03.885" level="INFO">${elem_locator} = &lt;appium.webdriver.webelement.WebElement (session="98b03cf0-7a1e-48ef-a244-98efaa8e1863", element="4d0caf53-2f05-4bde-8c20-bfcf70147879")&gt;</msg>
<status status="PASS" starttime="20211013 09:50:03.853" endtime="20211013 09:50:03.885"/>
</kw>
<kw name="Get Element Size" library="AppiumLibrary">
<var>${elem_size}</var>
<arg>${elem_locator}</arg>
<doc>Get element size</doc>
<msg timestamp="20211013 09:50:03.903" level="INFO">Element '&lt;appium.webdriver.webelement.WebElement (session="98b03cf0-7a1e-48ef-a244-98efaa8e1863", element="4d0caf53-2f05-4bde-8c20-bfcf70147879")&gt;' size: {'height': 1794, 'width': 1080} </msg>
<msg timestamp="20211013 09:50:03.903" level="INFO">${elem_size} = {'height': 1794, 'width': 1080}</msg>
<status status="PASS" starttime="20211013 09:50:03.885" endtime="20211013 09:50:03.903"/>
</kw>
<kw name="Evaluate" library="BuiltIn">
<var>${elem_x_start}</var>
<arg>${elem_size}[width] * ${scale_max}</arg>
<doc>Evaluates the given expression in Python and returns the result.</doc>
<msg timestamp="20211013 09:50:03.904" level="INFO">${elem_x_start} = 1026.0</msg>
<status status="PASS" starttime="20211013 09:50:03.903" endtime="20211013 09:50:03.904"/>
</kw>
<kw name="Evaluate" library="BuiltIn">
<var>${elem_x_end}</var>
<arg>${elem_size}[width] * ${scale_min}</arg>
<doc>Evaluates the given expression in Python and returns the result.</doc>
<msg timestamp="20211013 09:50:03.904" level="INFO">${elem_x_end} = 216.0</msg>
<status status="PASS" starttime="20211013 09:50:03.904" endtime="20211013 09:50:03.904"/>
</kw>
<kw name="Evaluate" library="BuiltIn">
<var>${elem_y_start}</var>
<arg>${elem_size}[height] * 0.5</arg>
<doc>Evaluates the given expression in Python and returns the result.</doc>
<msg timestamp="20211013 09:50:03.905" level="INFO">${elem_y_start} = 897.0</msg>
<status status="PASS" starttime="20211013 09:50:03.904" endtime="20211013 09:50:03.905"/>
</kw>
<kw name="Get Element Location" library="AppiumLibrary">
<var>${elem_location}</var>
<arg>${elem_locator}</arg>
<doc>Get element location</doc>
<msg timestamp="20211013 09:50:03.923" level="INFO">Element '&lt;appium.webdriver.webelement.WebElement (session="98b03cf0-7a1e-48ef-a244-98efaa8e1863", element="4d0caf53-2f05-4bde-8c20-bfcf70147879")&gt;' location: {'x': 0, 'y': 0} </msg>
<msg timestamp="20211013 09:50:03.923" level="INFO">${elem_location} = {'x': 0, 'y': 0}</msg>
<status status="PASS" starttime="20211013 09:50:03.905" endtime="20211013 09:50:03.923"/>
</kw>
<for flavor="IN RANGE">
<var>${index}</var>
<value>${scroll_times}</value>
<iter>
<var name="${index}">0</var>
<kw name="Run Keyword And Return Status" library="BuiltIn">
<var>${status}</var>
<arg>AppiumLibrary.Element Should Be Visible</arg>
<arg>${target_elem}</arg>
<doc>Runs the given keyword with given arguments and returns the status as a Boolean value.</doc>
<kw name="Element Should Be Visible" library="AppiumLibrary">
<arg>${target_elem}</arg>
<doc>Verifies that element identified with locator is visible.</doc>
<kw name="Capture Page Screenshot" library="AppiumLibrary">
<doc>Takes a screenshot of the current page and embeds it into the log.</doc>
<msg timestamp="20211013 09:50:04.321" level="INFO" html="true">&lt;/td&gt;&lt;/tr&gt;&lt;tr&gt;&lt;td colspan="3"&gt;&lt;a href="appium-screenshot-1.png"&gt;&lt;img src="appium-screenshot-1.png" width="800px"&gt;&lt;/a&gt;</msg>
<status status="PASS" starttime="20211013 09:50:03.947" endtime="20211013 09:50:04.321"/>
</kw>
<msg timestamp="20211013 09:50:04.323" level="FAIL">ValueError: Element locator '//android.widget.Button' did not match any elements.</msg>
<status status="FAIL" starttime="20211013 09:50:03.923" endtime="20211013 09:50:04.323"/>
</kw>
<msg timestamp="20211013 09:50:04.323" level="INFO">${status} = False</msg>
<status status="PASS" starttime="20211013 09:50:03.923" endtime="20211013 09:50:04.323"/>
</kw>
<kw name="Run Keyword If" library="BuiltIn">
<arg>'${status}'=='${TRUE}'</arg>
<arg>Exit For Loop</arg>
<doc>Runs the given keyword with the given arguments, if ``condition`` is true.</doc>
<status status="PASS" starttime="20211013 09:50:04.323" endtime="20211013 09:50:04.323"/>
</kw>
<kw name="Swipe" library="AppiumLibrary">
<arg>${elem_x_start}</arg>
<arg>${elem_y_start}</arg>
<arg>${elem_x_end}</arg>
<arg>${elem_y_start}</arg>
<arg>1000</arg>
<doc>Swipe from one point to another point, for an optional duration.</doc>
<status status="PASS" starttime="20211013 09:50:04.324" endtime="20211013 09:50:05.751"/>
</kw>
<status status="PASS" starttime="20211013 09:50:03.923" endtime="20211013 09:50:05.751"/>
</iter>
<iter>
<var name="${index}">1</var>
<kw name="Run Keyword And Return Status" library="BuiltIn">
<var>${status}</var>
<arg>AppiumLibrary.Element Should Be Visible</arg>
<arg>${target_elem}</arg>
<doc>Runs the given keyword with given arguments and returns the status as a Boolean value.</doc>
<kw name="Element Should Be Visible" library="AppiumLibrary">
<arg>${target_elem}</arg>
<doc>Verifies that element identified with locator is visible.</doc>
<kw name="Capture Page Screenshot" library="AppiumLibrary">
<doc>Takes a screenshot of the current page and embeds it into the log.</doc>
<msg timestamp="20211013 09:50:06.517" level="INFO" html="true">&lt;/td&gt;&lt;/tr&gt;&lt;tr&gt;&lt;td colspan="3"&gt;&lt;a href="appium-screenshot-2.png"&gt;&lt;img src="appium-screenshot-2.png" width="800px"&gt;&lt;/a&gt;</msg>
<status status="PASS" starttime="20211013 09:50:06.249" endtime="20211013 09:50:06.517"/>
</kw>
<msg timestamp="20211013 09:50:06.518" level="FAIL">ValueError: Element locator '//android.widget.Button' did not match any elements.</msg>
<status status="FAIL" starttime="20211013 09:50:05.751" endtime="20211013 09:50:06.518"/>
</kw>
<msg timestamp="20211013 09:50:06.519" level="INFO">${status} = False</msg>
<status status="PASS" starttime="20211013 09:50:05.751" endtime="20211013 09:50:06.519"/>
</kw>
<kw name="Run Keyword If" library="BuiltIn">
<arg>'${status}'=='${TRUE}'</arg>
<arg>Exit For Loop</arg>
<doc>Runs the given keyword with the given arguments, if ``condition`` is true.</doc>
<status status="PASS" starttime="20211013 09:50:06.519" endtime="20211013 09:50:06.519"/>
</kw>
<kw name="Swipe" library="AppiumLibrary">
<arg>${elem_x_start}</arg>
<arg>${elem_y_start}</arg>
<arg>${elem_x_end}</arg>
<arg>${elem_y_start}</arg>
<arg>1000</arg>
<doc>Swipe from one point to another point, for an optional duration.</doc>
<status status="PASS" starttime="20211013 09:50:06.519" endtime="20211013 09:50:07.849"/>
</kw>
<status status="PASS" starttime="20211013 09:50:05.751" endtime="20211013 09:50:07.849"/>
</iter>
<iter>
<var name="${index}">2</var>
<kw name="Run Keyword And Return Status" library="BuiltIn">
<var>${status}</var>
<arg>AppiumLibrary.Element Should Be Visible</arg>
<arg>${target_elem}</arg>
<doc>Runs the given keyword with given arguments and returns the status as a Boolean value.</doc>
<kw name="Element Should Be Visible" library="AppiumLibrary">
<arg>${target_elem}</arg>
<doc>Verifies that element identified with locator is visible.</doc>
<kw name="Capture Page Screenshot" library="AppiumLibrary">
<doc>Takes a screenshot of the current page and embeds it into the log.</doc>
<msg timestamp="20211013 09:50:08.570" level="INFO" html="true">&lt;/td&gt;&lt;/tr&gt;&lt;tr&gt;&lt;td colspan="3"&gt;&lt;a href="appium-screenshot-3.png"&gt;&lt;img src="appium-screenshot-3.png" width="800px"&gt;&lt;/a&gt;</msg>
<status status="PASS" starttime="20211013 09:50:08.343" endtime="20211013 09:50:08.570"/>
</kw>
<msg timestamp="20211013 09:50:08.571" level="FAIL">ValueError: Element locator '//android.widget.Button' did not match any elements.</msg>
<status status="FAIL" starttime="20211013 09:50:07.849" endtime="20211013 09:50:08.571"/>
</kw>
<msg timestamp="20211013 09:50:08.571" level="INFO">${status} = False</msg>
<status status="PASS" starttime="20211013 09:50:07.849" endtime="20211013 09:50:08.571"/>
</kw>
<kw name="Run Keyword If" library="BuiltIn">
<arg>'${status}'=='${TRUE}'</arg>
<arg>Exit For Loop</arg>
<doc>Runs the given keyword with the given arguments, if ``condition`` is true.</doc>
<status status="PASS" starttime="20211013 09:50:08.571" endtime="20211013 09:50:08.571"/>
</kw>
<kw name="Swipe" library="AppiumLibrary">
<arg>${elem_x_start}</arg>
<arg>${elem_y_start}</arg>
<arg>${elem_x_end}</arg>
<arg>${elem_y_start}</arg>
<arg>1000</arg>
<doc>Swipe from one point to another point, for an optional duration.</doc>
<status status="PASS" starttime="20211013 09:50:08.571" endtime="20211013 09:50:09.923"/>
</kw>
<status status="PASS" starttime="20211013 09:50:07.849" endtime="20211013 09:50:09.924"/>
</iter>
<iter>
<var name="${index}">3</var>
<kw name="Run Keyword And Return Status" library="BuiltIn">
<var>${status}</var>
<arg>AppiumLibrary.Element Should Be Visible</arg>
<arg>${target_elem}</arg>
<doc>Runs the given keyword with given arguments and returns the status as a Boolean value.</doc>
<kw name="Element Should Be Visible" library="AppiumLibrary">
<arg>${target_elem}</arg>
<doc>Verifies that element identified with locator is visible.</doc>
<status status="PASS" starttime="20211013 09:50:09.924" endtime="20211013 09:50:10.318"/>
</kw>
<msg timestamp="20211013 09:50:10.319" level="INFO">${status} = True</msg>
<status status="PASS" starttime="20211013 09:50:09.924" endtime="20211013 09:50:10.319"/>
</kw>
<kw name="Run Keyword If" library="BuiltIn">
<arg>'${status}'=='${TRUE}'</arg>
<arg>Exit For Loop</arg>
<doc>Runs the given keyword with the given arguments, if ``condition`` is true.</doc>
<kw name="Exit For Loop" library="BuiltIn">
<doc>Stops executing the enclosing for loop.</doc>
<msg timestamp="20211013 09:50:10.319" level="INFO">Exiting for loop altogether.</msg>
<status status="PASS" starttime="20211013 09:50:10.319" endtime="20211013 09:50:10.320"/>
</kw>
<status status="PASS" starttime="20211013 09:50:10.319" endtime="20211013 09:50:10.320"/>
</kw>
<status status="PASS" starttime="20211013 09:50:09.924" endtime="20211013 09:50:10.320"/>
</iter>
<status status="PASS" starttime="20211013 09:50:03.923" endtime="20211013 09:50:10.320"/>
</for>
<status status="PASS" starttime="20211013 09:50:02.287" endtime="20211013 09:50:10.320"/>
</kw>
<kw name="Click Element" library="common_keywords">
<arg>${start_button}</arg>
<doc>Click on element
${locator} - element
${timeout} - Waiting time for element visible</doc>
<kw name="Wait Until Element Is Visible" library="AppiumLibrary">
<arg>${locator}</arg>
<arg>timeout=${timeout}</arg>
<doc>Waits until element specified with `locator` is visible.</doc>
<status status="PASS" starttime="20211013 09:50:10.322" endtime="20211013 09:50:10.361"/>
</kw>
<kw name="Click Element" library="AppiumLibrary">
<arg>${locator}</arg>
<doc>Click element identified by `locator`.</doc>
<msg timestamp="20211013 09:50:10.363" level="INFO">Clicking element '//android.widget.Button'.</msg>
<status status="PASS" starttime="20211013 09:50:10.361" endtime="20211013 09:50:10.436"/>
</kw>
<status status="PASS" starttime="20211013 09:50:10.322" endtime="20211013 09:50:10.437"/>
</kw>
<status status="PASS" starttime="20211013 09:49:48.320" endtime="20211013 09:50:10.437"/>
</kw>
<kw name="Get Warning Message">
<arg>&lt;div role="main" class="oqtnd7"&gt;&lt;div class="shopee-search-item-result"&gt;</arg>
<arg>Không tìm thấy kết quả nào</arg>
<kw name="Click On Search Text Box" library="home_page">
<kw name="Click Element" library="common_keywords">
<arg>${input_text_box}</arg>
<doc>Click on element
${locator} - element
${timeout} - Waiting time for element visible</doc>
<kw name="Wait Until Element Is Visible" library="AppiumLibrary">
<arg>${locator}</arg>
<arg>timeout=${timeout}</arg>
<doc>Waits until element specified with `locator` is visible.</doc>
<status status="PASS" starttime="20211013 09:50:10.444" endtime="20211013 09:50:25.927"/>
</kw>
<kw name="Click Element" library="AppiumLibrary">
<arg>${locator}</arg>
<doc>Click element identified by `locator`.</doc>
<msg timestamp="20211013 09:50:25.929" level="INFO">Clicking element '//android.view.ViewGroup/android.widget.ImageView//following-sibling::android.view.ViewGroup/preceding-sibling::android.widget.TextView'.</msg>
<status status="PASS" starttime="20211013 09:50:25.927" endtime="20211013 09:50:26.100"/>
</kw>
<status status="PASS" starttime="20211013 09:50:10.443" endtime="20211013 09:50:26.101"/>
</kw>
<status status="PASS" starttime="20211013 09:50:10.439" endtime="20211013 09:50:26.101"/>
</kw>
<kw name="Input Text Into Search Text Box" library="home_page">
<arg>${keyword}</arg>
<kw name="Input Text" library="common_keywords">
<arg>${home}[text_box]</arg>
<arg>${text}</arg>
<doc>Input text into element</doc>
<kw name="Wait Until Element Is Visible" library="common_keywords">
<arg>${locator}</arg>
<arg>${timeout}</arg>
<doc>Wait element is visible</doc>
<kw name="Wait Until Element Is Visible" library="AppiumLibrary">
<arg>${locator}</arg>
<arg>timeout=${timeout}</arg>
<doc>Waits until element specified with `locator` is visible.</doc>
<status status="PASS" starttime="20211013 09:50:26.102" endtime="20211013 09:50:29.368"/>
</kw>
<status status="PASS" starttime="20211013 09:50:26.102" endtime="20211013 09:50:29.368"/>
</kw>
<kw name="Input Text" library="AppiumLibrary">
<arg>${locator}</arg>
<arg>${text}</arg>
<doc>Types the given `text` into text field identified by `locator`.</doc>
<msg timestamp="20211013 09:50:29.373" level="INFO">Typing text '&lt;div role="main" class="oqtnd7"&gt;&lt;div class="shopee-search-item-result"&gt;' into text field 'xpath=//android.widget.EditText'</msg>
<status status="PASS" starttime="20211013 09:50:29.369" endtime="20211013 09:50:29.540"/>
</kw>
<status status="PASS" starttime="20211013 09:50:26.101" endtime="20211013 09:50:29.540"/>
</kw>
<status status="PASS" starttime="20211013 09:50:26.101" endtime="20211013 09:50:29.541"/>
</kw>
<kw name="Click On Seach Button On Keyboard" library="common_keywords">
<kw name="Press Keycode" library="AppiumLibrary">
<arg>66</arg>
<doc>Sends a press of keycode to the device.</doc>
<status status="PASS" starttime="20211013 09:50:29.541" endtime="20211013 09:50:29.649"/>
</kw>
<status status="PASS" starttime="20211013 09:50:29.541" endtime="20211013 09:50:29.650"/>
</kw>
<kw name="Verify Warning Message When Search By Invalid KeyWord" library="search_feature">
<arg>${warning_message}</arg>
<kw name="Verify Warning Message" library="search">
<arg>${warning_message}</arg>
<kw name="Format String" library="String">
<var>${warning_message}</var>
<arg>${warning_message}</arg>
<arg>param=${message}</arg>
<doc>Formats a ``template`` using the given ``positional`` and ``named`` arguments.</doc>
<msg timestamp="20211013 09:50:29.653" level="INFO">${warning_message} = //android.widget.TextView[contains(@text,'Không tìm thấy kết quả nào')]</msg>
<status status="PASS" starttime="20211013 09:50:29.652" endtime="20211013 09:50:29.653"/>
</kw>
<kw name="Wait Until Element Is Visible" library="common_keywords">
<arg>${warning_message}</arg>
<doc>Wait element is visible</doc>
<kw name="Wait Until Element Is Visible" library="AppiumLibrary">
<arg>${locator}</arg>
<arg>timeout=${timeout}</arg>
<doc>Waits until element specified with `locator` is visible.</doc>
<status status="PASS" starttime="20211013 09:50:29.653" endtime="20211013 09:50:32.899"/>
</kw>
<status status="PASS" starttime="20211013 09:50:29.653" endtime="20211013 09:50:32.900"/>
</kw>
<status status="PASS" starttime="20211013 09:50:29.652" endtime="20211013 09:50:32.900"/>
</kw>
<status status="PASS" starttime="20211013 09:50:29.651" endtime="20211013 09:50:32.900"/>
</kw>
<status status="PASS" starttime="20211013 09:50:10.438" endtime="20211013 09:50:32.900"/>
</kw>
<kw name="Run Keywords" library="BuiltIn" type="TEARDOWN">
<arg>common_keywords.Close Application</arg>
<doc>Executes all the given keywords in a sequence.</doc>
<kw name="Close Application" library="common_keywords">
<doc>Close application</doc>
<kw name="Run Keyword And Ignore Error" library="BuiltIn">
<arg>AppiumLibrary.Close Application</arg>
<doc>Runs the given keyword with the given arguments and ignores possible error.</doc>
<kw name="Close Application" library="AppiumLibrary">
<doc>Closes the current application and also close webdriver session.</doc>
<status status="PASS" starttime="20211013 09:50:32.902" endtime="20211013 09:50:33.530"/>
</kw>
<status status="PASS" starttime="20211013 09:50:32.901" endtime="20211013 09:50:33.530"/>
</kw>
<status status="PASS" starttime="20211013 09:50:32.901" endtime="20211013 09:50:33.531"/>
</kw>
<status status="PASS" starttime="20211013 09:50:32.901" endtime="20211013 09:50:33.531"/>
</kw>
<status status="PASS" starttime="20211013 09:49:48.318" endtime="20211013 09:50:33.532"/>
</test>
<test id="s1-s1-t2" name="Verify Message When Search With Invalid Keyword">
<kw name="Open Application" library="common_keywords" type="SETUP">
<arg>${device_info.luan_device}</arg>
<kw name="Create Dictionary" library="BuiltIn">
<var>${device_data_dict}</var>
<arg>deviceName</arg>
<arg>${device_data.deviceName}</arg>
<arg>platformName</arg>
<arg>${device_data.platformName}</arg>
<arg>platformVersion</arg>
<arg>${device_data.platformVersion}</arg>
<arg>app</arg>
<arg>${device_data.app}</arg>
<arg>newCommandTimeout</arg>
<arg>${device_data.newCommandTimeout}</arg>
<arg>noReset</arg>
<arg>${device_data.noReset}</arg>
<arg>autoGrantPermissions</arg>
<arg>${device_data.autoGrantPermissions}</arg>
<doc>Creates and returns a dictionary based on the given ``items``.</doc>
<msg timestamp="20211013 09:50:33.540" level="INFO">${device_data_dict} = {'deviceName': 'emulator-5554', 'platformName': 'android', 'platformVersion': '11', 'app': 'D:/shopeeApp/Shopee.apk', 'newCommandTimeout': 400, 'noReset': False, 'autoGrantPermissions': True}</msg>
<status status="PASS" starttime="20211013 09:50:33.536" endtime="20211013 09:50:33.540"/>
</kw>
<kw name="Open Application" library="AppiumLibrary">
<arg>http://127.0.0.1:4723/wd/hub</arg>
<arg>&amp;{device_data_dict}</arg>
<doc>Opens a new application to given Appium server.
Capabilities of appium server, Android and iOS,
Please check https://github.com/appium/appium/blob/master/docs/en/writing-running-appium/server-args.md
| *Option*            | *Man.* | *Description*     |
| remote_url          | Yes    | Appium server url |
| alias               | no     | alias             |</doc>
<status status="PASS" starttime="20211013 09:50:33.540" endtime="20211013 09:50:48.842"/>
</kw>
<kw name="Swipe Left To Find Element" library="common_keywords">
<arg>${big_locator}</arg>
<arg>${start_button}</arg>
<kw name="Wait Until Element Is Visible" library="common_keywords">
<arg>${scroallable_elem}</arg>
<doc>Wait element is visible</doc>
<kw name="Wait Until Element Is Visible" library="AppiumLibrary">
<arg>${locator}</arg>
<arg>timeout=${timeout}</arg>
<doc>Waits until element specified with `locator` is visible.</doc>
<status status="PASS" starttime="20211013 09:50:48.844" endtime="20211013 09:50:50.591"/>
</kw>
<status status="PASS" starttime="20211013 09:50:48.843" endtime="20211013 09:50:50.591"/>
</kw>
<kw name="Get Webelement" library="AppiumLibrary">
<var>${elem_locator}</var>
<arg>${scroallable_elem}</arg>
<doc>Returns the first [http://selenium-python.readthedocs.io/api.html#module-selenium.webdriver.remote.webelement|WebElement] object matching ``locator``.</doc>
<msg timestamp="20211013 09:50:50.620" level="INFO">${elem_locator} = &lt;appium.webdriver.webelement.WebElement (session="7be6e08d-a119-4668-989a-33b5a3e039fc", element="6243e47b-d1be-4e4b-88a9-55438c7cbfcc")&gt;</msg>
<status status="PASS" starttime="20211013 09:50:50.591" endtime="20211013 09:50:50.620"/>
</kw>
<kw name="Get Element Size" library="AppiumLibrary">
<var>${elem_size}</var>
<arg>${elem_locator}</arg>
<doc>Get element size</doc>
<msg timestamp="20211013 09:50:50.638" level="INFO">Element '&lt;appium.webdriver.webelement.WebElement (session="7be6e08d-a119-4668-989a-33b5a3e039fc", element="6243e47b-d1be-4e4b-88a9-55438c7cbfcc")&gt;' size: {'height': 1794, 'width': 1080} </msg>
<msg timestamp="20211013 09:50:50.638" level="INFO">${elem_size} = {'height': 1794, 'width': 1080}</msg>
<status status="PASS" starttime="20211013 09:50:50.620" endtime="20211013 09:50:50.638"/>
</kw>
<kw name="Evaluate" library="BuiltIn">
<var>${elem_x_start}</var>
<arg>${elem_size}[width] * ${scale_max}</arg>
<doc>Evaluates the given expression in Python and returns the result.</doc>
<msg timestamp="20211013 09:50:50.639" level="INFO">${elem_x_start} = 1026.0</msg>
<status status="PASS" starttime="20211013 09:50:50.639" endtime="20211013 09:50:50.639"/>
</kw>
<kw name="Evaluate" library="BuiltIn">
<var>${elem_x_end}</var>
<arg>${elem_size}[width] * ${scale_min}</arg>
<doc>Evaluates the given expression in Python and returns the result.</doc>
<msg timestamp="20211013 09:50:50.640" level="INFO">${elem_x_end} = 216.0</msg>
<status status="PASS" starttime="20211013 09:50:50.639" endtime="20211013 09:50:50.640"/>
</kw>
<kw name="Evaluate" library="BuiltIn">
<var>${elem_y_start}</var>
<arg>${elem_size}[height] * 0.5</arg>
<doc>Evaluates the given expression in Python and returns the result.</doc>
<msg timestamp="20211013 09:50:50.640" level="INFO">${elem_y_start} = 897.0</msg>
<status status="PASS" starttime="20211013 09:50:50.640" endtime="20211013 09:50:50.640"/>
</kw>
<kw name="Get Element Location" library="AppiumLibrary">
<var>${elem_location}</var>
<arg>${elem_locator}</arg>
<doc>Get element location</doc>
<msg timestamp="20211013 09:50:50.658" level="INFO">Element '&lt;appium.webdriver.webelement.WebElement (session="7be6e08d-a119-4668-989a-33b5a3e039fc", element="6243e47b-d1be-4e4b-88a9-55438c7cbfcc")&gt;' location: {'x': 0, 'y': 0} </msg>
<msg timestamp="20211013 09:50:50.659" level="INFO">${elem_location} = {'x': 0, 'y': 0}</msg>
<status status="PASS" starttime="20211013 09:50:50.640" endtime="20211013 09:50:50.659"/>
</kw>
<for flavor="IN RANGE">
<var>${index}</var>
<value>${scroll_times}</value>
<iter>
<var name="${index}">0</var>
<kw name="Run Keyword And Return Status" library="BuiltIn">
<var>${status}</var>
<arg>AppiumLibrary.Element Should Be Visible</arg>
<arg>${target_elem}</arg>
<doc>Runs the given keyword with given arguments and returns the status as a Boolean value.</doc>
<kw name="Element Should Be Visible" library="AppiumLibrary">
<arg>${target_elem}</arg>
<doc>Verifies that element identified with locator is visible.</doc>
<kw name="Capture Page Screenshot" library="AppiumLibrary">
<doc>Takes a screenshot of the current page and embeds it into the log.</doc>
<msg timestamp="20211013 09:50:50.974" level="INFO" html="true">&lt;/td&gt;&lt;/tr&gt;&lt;tr&gt;&lt;td colspan="3"&gt;&lt;a href="appium-screenshot-4.png"&gt;&lt;img src="appium-screenshot-4.png" width="800px"&gt;&lt;/a&gt;</msg>
<status status="PASS" starttime="20211013 09:50:50.689" endtime="20211013 09:50:50.974"/>
</kw>
<msg timestamp="20211013 09:50:50.975" level="FAIL">ValueError: Element locator '//android.widget.Button' did not match any elements.</msg>
<status status="FAIL" starttime="20211013 09:50:50.659" endtime="20211013 09:50:50.975"/>
</kw>
<msg timestamp="20211013 09:50:50.975" level="INFO">${status} = False</msg>
<status status="PASS" starttime="20211013 09:50:50.659" endtime="20211013 09:50:50.975"/>
</kw>
<kw name="Run Keyword If" library="BuiltIn">
<arg>'${status}'=='${TRUE}'</arg>
<arg>Exit For Loop</arg>
<doc>Runs the given keyword with the given arguments, if ``condition`` is true.</doc>
<status status="PASS" starttime="20211013 09:50:50.975" endtime="20211013 09:50:50.975"/>
</kw>
<kw name="Swipe" library="AppiumLibrary">
<arg>${elem_x_start}</arg>
<arg>${elem_y_start}</arg>
<arg>${elem_x_end}</arg>
<arg>${elem_y_start}</arg>
<arg>1000</arg>
<doc>Swipe from one point to another point, for an optional duration.</doc>
<status status="PASS" starttime="20211013 09:50:50.976" endtime="20211013 09:50:52.430"/>
</kw>
<status status="PASS" starttime="20211013 09:50:50.659" endtime="20211013 09:50:52.430"/>
</iter>
<iter>
<var name="${index}">1</var>
<kw name="Run Keyword And Return Status" library="BuiltIn">
<var>${status}</var>
<arg>AppiumLibrary.Element Should Be Visible</arg>
<arg>${target_elem}</arg>
<doc>Runs the given keyword with given arguments and returns the status as a Boolean value.</doc>
<kw name="Element Should Be Visible" library="AppiumLibrary">
<arg>${target_elem}</arg>
<doc>Verifies that element identified with locator is visible.</doc>
<kw name="Capture Page Screenshot" library="AppiumLibrary">
<doc>Takes a screenshot of the current page and embeds it into the log.</doc>
<msg timestamp="20211013 09:50:53.500" level="INFO" html="true">&lt;/td&gt;&lt;/tr&gt;&lt;tr&gt;&lt;td colspan="3"&gt;&lt;a href="appium-screenshot-5.png"&gt;&lt;img src="appium-screenshot-5.png" width="800px"&gt;&lt;/a&gt;</msg>
<status status="PASS" starttime="20211013 09:50:53.128" endtime="20211013 09:50:53.500"/>
</kw>
<msg timestamp="20211013 09:50:53.506" level="FAIL">ValueError: Element locator '//android.widget.Button' did not match any elements.</msg>
<status status="FAIL" starttime="20211013 09:50:52.431" endtime="20211013 09:50:53.506"/>
</kw>
<msg timestamp="20211013 09:50:53.506" level="INFO">${status} = False</msg>
<status status="PASS" starttime="20211013 09:50:52.431" endtime="20211013 09:50:53.506"/>
</kw>
<kw name="Run Keyword If" library="BuiltIn">
<arg>'${status}'=='${TRUE}'</arg>
<arg>Exit For Loop</arg>
<doc>Runs the given keyword with the given arguments, if ``condition`` is true.</doc>
<status status="PASS" starttime="20211013 09:50:53.506" endtime="20211013 09:50:53.507"/>
</kw>
<kw name="Swipe" library="AppiumLibrary">
<arg>${elem_x_start}</arg>
<arg>${elem_y_start}</arg>
<arg>${elem_x_end}</arg>
<arg>${elem_y_start}</arg>
<arg>1000</arg>
<doc>Swipe from one point to another point, for an optional duration.</doc>
<status status="PASS" starttime="20211013 09:50:53.507" endtime="20211013 09:50:54.929"/>
</kw>
<status status="PASS" starttime="20211013 09:50:52.430" endtime="20211013 09:50:54.929"/>
</iter>
<iter>
<var name="${index}">2</var>
<kw name="Run Keyword And Return Status" library="BuiltIn">
<var>${status}</var>
<arg>AppiumLibrary.Element Should Be Visible</arg>
<arg>${target_elem}</arg>
<doc>Runs the given keyword with given arguments and returns the status as a Boolean value.</doc>
<kw name="Element Should Be Visible" library="AppiumLibrary">
<arg>${target_elem}</arg>
<doc>Verifies that element identified with locator is visible.</doc>
<kw name="Capture Page Screenshot" library="AppiumLibrary">
<doc>Takes a screenshot of the current page and embeds it into the log.</doc>
<msg timestamp="20211013 09:50:55.655" level="INFO" html="true">&lt;/td&gt;&lt;/tr&gt;&lt;tr&gt;&lt;td colspan="3"&gt;&lt;a href="appium-screenshot-6.png"&gt;&lt;img src="appium-screenshot-6.png" width="800px"&gt;&lt;/a&gt;</msg>
<status status="PASS" starttime="20211013 09:50:55.435" endtime="20211013 09:50:55.656"/>
</kw>
<msg timestamp="20211013 09:50:55.657" level="FAIL">ValueError: Element locator '//android.widget.Button' did not match any elements.</msg>
<status status="FAIL" starttime="20211013 09:50:54.929" endtime="20211013 09:50:55.657"/>
</kw>
<msg timestamp="20211013 09:50:55.657" level="INFO">${status} = False</msg>
<status status="PASS" starttime="20211013 09:50:54.929" endtime="20211013 09:50:55.657"/>
</kw>
<kw name="Run Keyword If" library="BuiltIn">
<arg>'${status}'=='${TRUE}'</arg>
<arg>Exit For Loop</arg>
<doc>Runs the given keyword with the given arguments, if ``condition`` is true.</doc>
<status status="PASS" starttime="20211013 09:50:55.657" endtime="20211013 09:50:55.657"/>
</kw>
<kw name="Swipe" library="AppiumLibrary">
<arg>${elem_x_start}</arg>
<arg>${elem_y_start}</arg>
<arg>${elem_x_end}</arg>
<arg>${elem_y_start}</arg>
<arg>1000</arg>
<doc>Swipe from one point to another point, for an optional duration.</doc>
<status status="PASS" starttime="20211013 09:50:55.657" endtime="20211013 09:50:57.049"/>
</kw>
<status status="PASS" starttime="20211013 09:50:54.929" endtime="20211013 09:50:57.049"/>
</iter>
<iter>
<var name="${index}">3</var>
<kw name="Run Keyword And Return Status" library="BuiltIn">
<var>${status}</var>
<arg>AppiumLibrary.Element Should Be Visible</arg>
<arg>${target_elem}</arg>
<doc>Runs the given keyword with given arguments and returns the status as a Boolean value.</doc>
<kw name="Element Should Be Visible" library="AppiumLibrary">
<arg>${target_elem}</arg>
<doc>Verifies that element identified with locator is visible.</doc>
<status status="PASS" starttime="20211013 09:50:57.050" endtime="20211013 09:50:57.454"/>
</kw>
<msg timestamp="20211013 09:50:57.454" level="INFO">${status} = True</msg>
<status status="PASS" starttime="20211013 09:50:57.050" endtime="20211013 09:50:57.454"/>
</kw>
<kw name="Run Keyword If" library="BuiltIn">
<arg>'${status}'=='${TRUE}'</arg>
<arg>Exit For Loop</arg>
<doc>Runs the given keyword with the given arguments, if ``condition`` is true.</doc>
<kw name="Exit For Loop" library="BuiltIn">
<doc>Stops executing the enclosing for loop.</doc>
<msg timestamp="20211013 09:50:57.455" level="INFO">Exiting for loop altogether.</msg>
<status status="PASS" starttime="20211013 09:50:57.455" endtime="20211013 09:50:57.456"/>
</kw>
<status status="PASS" starttime="20211013 09:50:57.455" endtime="20211013 09:50:57.456"/>
</kw>
<status status="PASS" starttime="20211013 09:50:57.050" endtime="20211013 09:50:57.456"/>
</iter>
<status status="PASS" starttime="20211013 09:50:50.659" endtime="20211013 09:50:57.456"/>
</for>
<status status="PASS" starttime="20211013 09:50:48.842" endtime="20211013 09:50:57.457"/>
</kw>
<kw name="Click Element" library="common_keywords">
<arg>${start_button}</arg>
<doc>Click on element
${locator} - element
${timeout} - Waiting time for element visible</doc>
<kw name="Wait Until Element Is Visible" library="AppiumLibrary">
<arg>${locator}</arg>
<arg>timeout=${timeout}</arg>
<doc>Waits until element specified with `locator` is visible.</doc>
<status status="PASS" starttime="20211013 09:50:57.459" endtime="20211013 09:50:57.498"/>
</kw>
<kw name="Click Element" library="AppiumLibrary">
<arg>${locator}</arg>
<doc>Click element identified by `locator`.</doc>
<msg timestamp="20211013 09:50:57.500" level="INFO">Clicking element '//android.widget.Button'.</msg>
<status status="PASS" starttime="20211013 09:50:57.498" endtime="20211013 09:50:57.564"/>
</kw>
<status status="PASS" starttime="20211013 09:50:57.458" endtime="20211013 09:50:57.564"/>
</kw>
<status status="PASS" starttime="20211013 09:50:33.535" endtime="20211013 09:50:57.565"/>
</kw>
<kw name="Get Warning Message">
<arg>//androi#[][resources(@text"$%%")</arg>
<arg>Không tìm thấy kết quả nào</arg>
<kw name="Click On Search Text Box" library="home_page">
<kw name="Click Element" library="common_keywords">
<arg>${input_text_box}</arg>
<doc>Click on element
${locator} - element
${timeout} - Waiting time for element visible</doc>
<kw name="Wait Until Element Is Visible" library="AppiumLibrary">
<arg>${locator}</arg>
<arg>timeout=${timeout}</arg>
<doc>Waits until element specified with `locator` is visible.</doc>
<status status="PASS" starttime="20211013 09:50:57.568" endtime="20211013 09:51:10.229"/>
</kw>
<kw name="Click Element" library="AppiumLibrary">
<arg>${locator}</arg>
<doc>Click element identified by `locator`.</doc>
<msg timestamp="20211013 09:51:10.231" level="INFO">Clicking element '//android.view.ViewGroup/android.widget.ImageView//following-sibling::android.view.ViewGroup/preceding-sibling::android.widget.TextView'.</msg>
<status status="PASS" starttime="20211013 09:51:10.229" endtime="20211013 09:51:10.361"/>
</kw>
<status status="PASS" starttime="20211013 09:50:57.567" endtime="20211013 09:51:10.362"/>
</kw>
<status status="PASS" starttime="20211013 09:50:57.566" endtime="20211013 09:51:10.362"/>
</kw>
<kw name="Input Text Into Search Text Box" library="home_page">
<arg>${keyword}</arg>
<kw name="Input Text" library="common_keywords">
<arg>${home}[text_box]</arg>
<arg>${text}</arg>
<doc>Input text into element</doc>
<kw name="Wait Until Element Is Visible" library="common_keywords">
<arg>${locator}</arg>
<arg>${timeout}</arg>
<doc>Wait element is visible</doc>
<kw name="Wait Until Element Is Visible" library="AppiumLibrary">
<arg>${locator}</arg>
<arg>timeout=${timeout}</arg>
<doc>Waits until element specified with `locator` is visible.</doc>
<status status="PASS" starttime="20211013 09:51:10.364" endtime="20211013 09:51:13.311"/>
</kw>
<status status="PASS" starttime="20211013 09:51:10.363" endtime="20211013 09:51:13.312"/>
</kw>
<kw name="Input Text" library="AppiumLibrary">
<arg>${locator}</arg>
<arg>${text}</arg>
<doc>Types the given `text` into text field identified by `locator`.</doc>
<msg timestamp="20211013 09:51:13.314" level="INFO">Typing text '//androi#[][resources(@text"$%%")' into text field 'xpath=//android.widget.EditText'</msg>
<status status="PASS" starttime="20211013 09:51:13.312" endtime="20211013 09:51:13.412"/>
</kw>
<status status="PASS" starttime="20211013 09:51:10.363" endtime="20211013 09:51:13.412"/>
</kw>
<status status="PASS" starttime="20211013 09:51:10.362" endtime="20211013 09:51:13.412"/>
</kw>
<kw name="Click On Seach Button On Keyboard" library="common_keywords">
<kw name="Press Keycode" library="AppiumLibrary">
<arg>66</arg>
<doc>Sends a press of keycode to the device.</doc>
<status status="PASS" starttime="20211013 09:51:13.413" endtime="20211013 09:51:14.770"/>
</kw>
<status status="PASS" starttime="20211013 09:51:13.412" endtime="20211013 09:51:14.771"/>
</kw>
<kw name="Verify Warning Message When Search By Invalid KeyWord" library="search_feature">
<arg>${warning_message}</arg>
<kw name="Verify Warning Message" library="search">
<arg>${warning_message}</arg>
<kw name="Format String" library="String">
<var>${warning_message}</var>
<arg>${warning_message}</arg>
<arg>param=${message}</arg>
<doc>Formats a ``template`` using the given ``positional`` and ``named`` arguments.</doc>
<msg timestamp="20211013 09:51:14.777" level="INFO">${warning_message} = //android.widget.TextView[contains(@text,'Không tìm thấy kết quả nào')]</msg>
<status status="PASS" starttime="20211013 09:51:14.776" endtime="20211013 09:51:14.778"/>
</kw>
<kw name="Wait Until Element Is Visible" library="common_keywords">
<arg>${warning_message}</arg>
<doc>Wait element is visible</doc>
<kw name="Wait Until Element Is Visible" library="AppiumLibrary">
<arg>${locator}</arg>
<arg>timeout=${timeout}</arg>
<doc>Waits until element specified with `locator` is visible.</doc>
<status status="PASS" starttime="20211013 09:51:14.779" endtime="20211013 09:51:17.313"/>
</kw>
<status status="PASS" starttime="20211013 09:51:14.778" endtime="20211013 09:51:17.313"/>
</kw>
<status status="PASS" starttime="20211013 09:51:14.773" endtime="20211013 09:51:17.313"/>
</kw>
<status status="PASS" starttime="20211013 09:51:14.771" endtime="20211013 09:51:17.313"/>
</kw>
<status status="PASS" starttime="20211013 09:50:57.565" endtime="20211013 09:51:17.313"/>
</kw>
<kw name="Run Keywords" library="BuiltIn" type="TEARDOWN">
<arg>common_keywords.Close Application</arg>
<doc>Executes all the given keywords in a sequence.</doc>
<kw name="Close Application" library="common_keywords">
<doc>Close application</doc>
<kw name="Run Keyword And Ignore Error" library="BuiltIn">
<arg>AppiumLibrary.Close Application</arg>
<doc>Runs the given keyword with the given arguments and ignores possible error.</doc>
<kw name="Close Application" library="AppiumLibrary">
<doc>Closes the current application and also close webdriver session.</doc>
<status status="PASS" starttime="20211013 09:51:17.314" endtime="20211013 09:51:18.016"/>
</kw>
<status status="PASS" starttime="20211013 09:51:17.314" endtime="20211013 09:51:18.016"/>
</kw>
<status status="PASS" starttime="20211013 09:51:17.314" endtime="20211013 09:51:18.017"/>
</kw>
<status status="PASS" starttime="20211013 09:51:17.314" endtime="20211013 09:51:18.017"/>
</kw>
<status status="PASS" starttime="20211013 09:50:33.534" endtime="20211013 09:51:18.017"/>
</test>
<status status="PASS" starttime="20211013 09:49:47.221" endtime="20211013 09:51:18.018"/>
</suite>
<suite id="s1-s2" name="Search Function Valid" source="D:\ShopeeLuan\testcases\search_function_valid.robot">
<test id="s1-s2-t1" name="Verify search funcation">
<kw name="Open Application" library="common_keywords" type="SETUP">
<arg>${device_info.luan_device}</arg>
<kw name="Create Dictionary" library="BuiltIn">
<var>${device_data_dict}</var>
<arg>deviceName</arg>
<arg>${device_data.deviceName}</arg>
<arg>platformName</arg>
<arg>${device_data.platformName}</arg>
<arg>platformVersion</arg>
<arg>${device_data.platformVersion}</arg>
<arg>app</arg>
<arg>${device_data.app}</arg>
<arg>newCommandTimeout</arg>
<arg>${device_data.newCommandTimeout}</arg>
<arg>noReset</arg>
<arg>${device_data.noReset}</arg>
<arg>autoGrantPermissions</arg>
<arg>${device_data.autoGrantPermissions}</arg>
<doc>Creates and returns a dictionary based on the given ``items``.</doc>
<msg timestamp="20211013 09:51:18.088" level="INFO">${device_data_dict} = {'deviceName': 'emulator-5554', 'platformName': 'android', 'platformVersion': '11', 'app': 'D:/shopeeApp/Shopee.apk', 'newCommandTimeout': 400, 'noReset': False, 'autoGrantPermissions': True}</msg>
<status status="PASS" starttime="20211013 09:51:18.085" endtime="20211013 09:51:18.089"/>
</kw>
<kw name="Open Application" library="AppiumLibrary">
<arg>http://127.0.0.1:4723/wd/hub</arg>
<arg>&amp;{device_data_dict}</arg>
<doc>Opens a new application to given Appium server.
Capabilities of appium server, Android and iOS,
Please check https://github.com/appium/appium/blob/master/docs/en/writing-running-appium/server-args.md
| *Option*            | *Man.* | *Description*     |
| remote_url          | Yes    | Appium server url |
| alias               | no     | alias             |</doc>
<status status="PASS" starttime="20211013 09:51:18.089" endtime="20211013 09:51:32.518"/>
</kw>
<kw name="Swipe Left To Find Element" library="common_keywords">
<arg>${big_locator}</arg>
<arg>${start_button}</arg>
<kw name="Wait Until Element Is Visible" library="common_keywords">
<arg>${scroallable_elem}</arg>
<doc>Wait element is visible</doc>
<kw name="Wait Until Element Is Visible" library="AppiumLibrary">
<arg>${locator}</arg>
<arg>timeout=${timeout}</arg>
<doc>Waits until element specified with `locator` is visible.</doc>
<status status="PASS" starttime="20211013 09:51:32.519" endtime="20211013 09:51:34.327"/>
</kw>
<status status="PASS" starttime="20211013 09:51:32.518" endtime="20211013 09:51:34.327"/>
</kw>
<kw name="Get Webelement" library="AppiumLibrary">
<var>${elem_locator}</var>
<arg>${scroallable_elem}</arg>
<doc>Returns the first [http://selenium-python.readthedocs.io/api.html#module-selenium.webdriver.remote.webelement|WebElement] object matching ``locator``.</doc>
<msg timestamp="20211013 09:51:34.371" level="INFO">${elem_locator} = &lt;appium.webdriver.webelement.WebElement (session="f1ea27d1-c06c-4661-aff4-33108210bcf1", element="ea472084-caa3-4622-9c64-9eb0c24f6e42")&gt;</msg>
<status status="PASS" starttime="20211013 09:51:34.327" endtime="20211013 09:51:34.371"/>
</kw>
<kw name="Get Element Size" library="AppiumLibrary">
<var>${elem_size}</var>
<arg>${elem_locator}</arg>
<doc>Get element size</doc>
<msg timestamp="20211013 09:51:34.389" level="INFO">Element '&lt;appium.webdriver.webelement.WebElement (session="f1ea27d1-c06c-4661-aff4-33108210bcf1", element="ea472084-caa3-4622-9c64-9eb0c24f6e42")&gt;' size: {'height': 1794, 'width': 1080} </msg>
<msg timestamp="20211013 09:51:34.389" level="INFO">${elem_size} = {'height': 1794, 'width': 1080}</msg>
<status status="PASS" starttime="20211013 09:51:34.371" endtime="20211013 09:51:34.389"/>
</kw>
<kw name="Evaluate" library="BuiltIn">
<var>${elem_x_start}</var>
<arg>${elem_size}[width] * ${scale_max}</arg>
<doc>Evaluates the given expression in Python and returns the result.</doc>
<msg timestamp="20211013 09:51:34.390" level="INFO">${elem_x_start} = 1026.0</msg>
<status status="PASS" starttime="20211013 09:51:34.389" endtime="20211013 09:51:34.390"/>
</kw>
<kw name="Evaluate" library="BuiltIn">
<var>${elem_x_end}</var>
<arg>${elem_size}[width] * ${scale_min}</arg>
<doc>Evaluates the given expression in Python and returns the result.</doc>
<msg timestamp="20211013 09:51:34.390" level="INFO">${elem_x_end} = 216.0</msg>
<status status="PASS" starttime="20211013 09:51:34.390" endtime="20211013 09:51:34.390"/>
</kw>
<kw name="Evaluate" library="BuiltIn">
<var>${elem_y_start}</var>
<arg>${elem_size}[height] * 0.5</arg>
<doc>Evaluates the given expression in Python and returns the result.</doc>
<msg timestamp="20211013 09:51:34.390" level="INFO">${elem_y_start} = 897.0</msg>
<status status="PASS" starttime="20211013 09:51:34.390" endtime="20211013 09:51:34.390"/>
</kw>
<kw name="Get Element Location" library="AppiumLibrary">
<var>${elem_location}</var>
<arg>${elem_locator}</arg>
<doc>Get element location</doc>
<msg timestamp="20211013 09:51:34.453" level="INFO">Element '&lt;appium.webdriver.webelement.WebElement (session="f1ea27d1-c06c-4661-aff4-33108210bcf1", element="ea472084-caa3-4622-9c64-9eb0c24f6e42")&gt;' location: {'x': 0, 'y': 0} </msg>
<msg timestamp="20211013 09:51:34.453" level="INFO">${elem_location} = {'x': 0, 'y': 0}</msg>
<status status="PASS" starttime="20211013 09:51:34.390" endtime="20211013 09:51:34.453"/>
</kw>
<for flavor="IN RANGE">
<var>${index}</var>
<value>${scroll_times}</value>
<iter>
<var name="${index}">0</var>
<kw name="Run Keyword And Return Status" library="BuiltIn">
<var>${status}</var>
<arg>AppiumLibrary.Element Should Be Visible</arg>
<arg>${target_elem}</arg>
<doc>Runs the given keyword with given arguments and returns the status as a Boolean value.</doc>
<kw name="Element Should Be Visible" library="AppiumLibrary">
<arg>${target_elem}</arg>
<doc>Verifies that element identified with locator is visible.</doc>
<kw name="Capture Page Screenshot" library="AppiumLibrary">
<doc>Takes a screenshot of the current page and embeds it into the log.</doc>
<msg timestamp="20211013 09:51:34.880" level="INFO" html="true">&lt;/td&gt;&lt;/tr&gt;&lt;tr&gt;&lt;td colspan="3"&gt;&lt;a href="appium-screenshot-7.png"&gt;&lt;img src="appium-screenshot-7.png" width="800px"&gt;&lt;/a&gt;</msg>
<status status="PASS" starttime="20211013 09:51:34.520" endtime="20211013 09:51:34.880"/>
</kw>
<msg timestamp="20211013 09:51:34.881" level="FAIL">ValueError: Element locator '//android.widget.Button' did not match any elements.</msg>
<status status="FAIL" starttime="20211013 09:51:34.454" endtime="20211013 09:51:34.881"/>
</kw>
<msg timestamp="20211013 09:51:34.881" level="INFO">${status} = False</msg>
<status status="PASS" starttime="20211013 09:51:34.454" endtime="20211013 09:51:34.881"/>
</kw>
<kw name="Run Keyword If" library="BuiltIn">
<arg>'${status}'=='${TRUE}'</arg>
<arg>Exit For Loop</arg>
<doc>Runs the given keyword with the given arguments, if ``condition`` is true.</doc>
<status status="PASS" starttime="20211013 09:51:34.881" endtime="20211013 09:51:34.882"/>
</kw>
<kw name="Swipe" library="AppiumLibrary">
<arg>${elem_x_start}</arg>
<arg>${elem_y_start}</arg>
<arg>${elem_x_end}</arg>
<arg>${elem_y_start}</arg>
<arg>1000</arg>
<doc>Swipe from one point to another point, for an optional duration.</doc>
<status status="PASS" starttime="20211013 09:51:34.882" endtime="20211013 09:51:36.351"/>
</kw>
<status status="PASS" starttime="20211013 09:51:34.454" endtime="20211013 09:51:36.351"/>
</iter>
<iter>
<var name="${index}">1</var>
<kw name="Run Keyword And Return Status" library="BuiltIn">
<var>${status}</var>
<arg>AppiumLibrary.Element Should Be Visible</arg>
<arg>${target_elem}</arg>
<doc>Runs the given keyword with given arguments and returns the status as a Boolean value.</doc>
<kw name="Element Should Be Visible" library="AppiumLibrary">
<arg>${target_elem}</arg>
<doc>Verifies that element identified with locator is visible.</doc>
<kw name="Capture Page Screenshot" library="AppiumLibrary">
<doc>Takes a screenshot of the current page and embeds it into the log.</doc>
<msg timestamp="20211013 09:51:37.284" level="INFO" html="true">&lt;/td&gt;&lt;/tr&gt;&lt;tr&gt;&lt;td colspan="3"&gt;&lt;a href="appium-screenshot-8.png"&gt;&lt;img src="appium-screenshot-8.png" width="800px"&gt;&lt;/a&gt;</msg>
<status status="PASS" starttime="20211013 09:51:37.051" endtime="20211013 09:51:37.284"/>
</kw>
<msg timestamp="20211013 09:51:37.285" level="FAIL">ValueError: Element locator '//android.widget.Button' did not match any elements.</msg>
<status status="FAIL" starttime="20211013 09:51:36.352" endtime="20211013 09:51:37.285"/>
</kw>
<msg timestamp="20211013 09:51:37.285" level="INFO">${status} = False</msg>
<status status="PASS" starttime="20211013 09:51:36.351" endtime="20211013 09:51:37.285"/>
</kw>
<kw name="Run Keyword If" library="BuiltIn">
<arg>'${status}'=='${TRUE}'</arg>
<arg>Exit For Loop</arg>
<doc>Runs the given keyword with the given arguments, if ``condition`` is true.</doc>
<status status="PASS" starttime="20211013 09:51:37.286" endtime="20211013 09:51:37.286"/>
</kw>
<kw name="Swipe" library="AppiumLibrary">
<arg>${elem_x_start}</arg>
<arg>${elem_y_start}</arg>
<arg>${elem_x_end}</arg>
<arg>${elem_y_start}</arg>
<arg>1000</arg>
<doc>Swipe from one point to another point, for an optional duration.</doc>
<status status="PASS" starttime="20211013 09:51:37.286" endtime="20211013 09:51:38.648"/>
</kw>
<status status="PASS" starttime="20211013 09:51:36.351" endtime="20211013 09:51:38.648"/>
</iter>
<iter>
<var name="${index}">2</var>
<kw name="Run Keyword And Return Status" library="BuiltIn">
<var>${status}</var>
<arg>AppiumLibrary.Element Should Be Visible</arg>
<arg>${target_elem}</arg>
<doc>Runs the given keyword with given arguments and returns the status as a Boolean value.</doc>
<kw name="Element Should Be Visible" library="AppiumLibrary">
<arg>${target_elem}</arg>
<doc>Verifies that element identified with locator is visible.</doc>
<kw name="Capture Page Screenshot" library="AppiumLibrary">
<doc>Takes a screenshot of the current page and embeds it into the log.</doc>
<msg timestamp="20211013 09:51:39.383" level="INFO" html="true">&lt;/td&gt;&lt;/tr&gt;&lt;tr&gt;&lt;td colspan="3"&gt;&lt;a href="appium-screenshot-9.png"&gt;&lt;img src="appium-screenshot-9.png" width="800px"&gt;&lt;/a&gt;</msg>
<status status="PASS" starttime="20211013 09:51:39.140" endtime="20211013 09:51:39.383"/>
</kw>
<msg timestamp="20211013 09:51:39.384" level="FAIL">ValueError: Element locator '//android.widget.Button' did not match any elements.</msg>
<status status="FAIL" starttime="20211013 09:51:38.649" endtime="20211013 09:51:39.384"/>
</kw>
<msg timestamp="20211013 09:51:39.384" level="INFO">${status} = False</msg>
<status status="PASS" starttime="20211013 09:51:38.649" endtime="20211013 09:51:39.384"/>
</kw>
<kw name="Run Keyword If" library="BuiltIn">
<arg>'${status}'=='${TRUE}'</arg>
<arg>Exit For Loop</arg>
<doc>Runs the given keyword with the given arguments, if ``condition`` is true.</doc>
<status status="PASS" starttime="20211013 09:51:39.384" endtime="20211013 09:51:39.385"/>
</kw>
<kw name="Swipe" library="AppiumLibrary">
<arg>${elem_x_start}</arg>
<arg>${elem_y_start}</arg>
<arg>${elem_x_end}</arg>
<arg>${elem_y_start}</arg>
<arg>1000</arg>
<doc>Swipe from one point to another point, for an optional duration.</doc>
<status status="PASS" starttime="20211013 09:51:39.385" endtime="20211013 09:51:40.727"/>
</kw>
<status status="PASS" starttime="20211013 09:51:38.648" endtime="20211013 09:51:40.727"/>
</iter>
<iter>
<var name="${index}">3</var>
<kw name="Run Keyword And Return Status" library="BuiltIn">
<var>${status}</var>
<arg>AppiumLibrary.Element Should Be Visible</arg>
<arg>${target_elem}</arg>
<doc>Runs the given keyword with given arguments and returns the status as a Boolean value.</doc>
<kw name="Element Should Be Visible" library="AppiumLibrary">
<arg>${target_elem}</arg>
<doc>Verifies that element identified with locator is visible.</doc>
<status status="PASS" starttime="20211013 09:51:40.727" endtime="20211013 09:51:41.130"/>
</kw>
<msg timestamp="20211013 09:51:41.130" level="INFO">${status} = True</msg>
<status status="PASS" starttime="20211013 09:51:40.727" endtime="20211013 09:51:41.130"/>
</kw>
<kw name="Run Keyword If" library="BuiltIn">
<arg>'${status}'=='${TRUE}'</arg>
<arg>Exit For Loop</arg>
<doc>Runs the given keyword with the given arguments, if ``condition`` is true.</doc>
<kw name="Exit For Loop" library="BuiltIn">
<doc>Stops executing the enclosing for loop.</doc>
<msg timestamp="20211013 09:51:41.131" level="INFO">Exiting for loop altogether.</msg>
<status status="PASS" starttime="20211013 09:51:41.131" endtime="20211013 09:51:41.131"/>
</kw>
<status status="PASS" starttime="20211013 09:51:41.130" endtime="20211013 09:51:41.131"/>
</kw>
<status status="PASS" starttime="20211013 09:51:40.727" endtime="20211013 09:51:41.132"/>
</iter>
<status status="PASS" starttime="20211013 09:51:34.454" endtime="20211013 09:51:41.132"/>
</for>
<status status="PASS" starttime="20211013 09:51:32.518" endtime="20211013 09:51:41.132"/>
</kw>
<kw name="Click Element" library="common_keywords">
<arg>${start_button}</arg>
<doc>Click on element
${locator} - element
${timeout} - Waiting time for element visible</doc>
<kw name="Wait Until Element Is Visible" library="AppiumLibrary">
<arg>${locator}</arg>
<arg>timeout=${timeout}</arg>
<doc>Waits until element specified with `locator` is visible.</doc>
<status status="PASS" starttime="20211013 09:51:41.134" endtime="20211013 09:51:41.163"/>
</kw>
<kw name="Click Element" library="AppiumLibrary">
<arg>${locator}</arg>
<doc>Click element identified by `locator`.</doc>
<msg timestamp="20211013 09:51:41.165" level="INFO">Clicking element '//android.widget.Button'.</msg>
<status status="PASS" starttime="20211013 09:51:41.163" endtime="20211013 09:51:41.228"/>
</kw>
<status status="PASS" starttime="20211013 09:51:41.133" endtime="20211013 09:51:41.229"/>
</kw>
<status status="PASS" starttime="20211013 09:51:18.084" endtime="20211013 09:51:41.229"/>
</kw>
<kw name="Get Product From Search Function">
<arg>iphone</arg>
<arg>7</arg>
<kw name="Click On Search Text Box" library="home_page">
<kw name="Click Element" library="common_keywords">
<arg>${input_text_box}</arg>
<doc>Click on element
${locator} - element
${timeout} - Waiting time for element visible</doc>
<kw name="Wait Until Element Is Visible" library="AppiumLibrary">
<arg>${locator}</arg>
<arg>timeout=${timeout}</arg>
<doc>Waits until element specified with `locator` is visible.</doc>
<status status="PASS" starttime="20211013 09:51:41.239" endtime="20211013 09:51:54.343"/>
</kw>
<kw name="Click Element" library="AppiumLibrary">
<arg>${locator}</arg>
<doc>Click element identified by `locator`.</doc>
<msg timestamp="20211013 09:51:54.346" level="INFO">Clicking element '//android.view.ViewGroup/android.widget.ImageView//following-sibling::android.view.ViewGroup/preceding-sibling::android.widget.TextView'.</msg>
<status status="PASS" starttime="20211013 09:51:54.343" endtime="20211013 09:51:54.516"/>
</kw>
<status status="PASS" starttime="20211013 09:51:41.238" endtime="20211013 09:51:54.516"/>
</kw>
<status status="PASS" starttime="20211013 09:51:41.235" endtime="20211013 09:51:54.516"/>
</kw>
<kw name="Input Text Into Search Text Box" library="home_page">
<arg>${keyword}</arg>
<kw name="Input Text" library="common_keywords">
<arg>${home}[text_box]</arg>
<arg>${text}</arg>
<doc>Input text into element</doc>
<kw name="Wait Until Element Is Visible" library="common_keywords">
<arg>${locator}</arg>
<arg>${timeout}</arg>
<doc>Wait element is visible</doc>
<kw name="Wait Until Element Is Visible" library="AppiumLibrary">
<arg>${locator}</arg>
<arg>timeout=${timeout}</arg>
<doc>Waits until element specified with `locator` is visible.</doc>
<status status="PASS" starttime="20211013 09:51:54.518" endtime="20211013 09:51:57.337"/>
</kw>
<status status="PASS" starttime="20211013 09:51:54.517" endtime="20211013 09:51:57.337"/>
</kw>
<kw name="Input Text" library="AppiumLibrary">
<arg>${locator}</arg>
<arg>${text}</arg>
<doc>Types the given `text` into text field identified by `locator`.</doc>
<msg timestamp="20211013 09:51:57.342" level="INFO">Typing text 'iphone' into text field 'xpath=//android.widget.EditText'</msg>
<status status="PASS" starttime="20211013 09:51:57.338" endtime="20211013 09:51:57.679"/>
</kw>
<status status="PASS" starttime="20211013 09:51:54.517" endtime="20211013 09:51:57.680"/>
</kw>
<status status="PASS" starttime="20211013 09:51:54.517" endtime="20211013 09:51:57.680"/>
</kw>
<kw name="Verify Data Suggestion Is Displayed Correctly With UI" library="search_feature">
<arg>${keyword}</arg>
<kw name="Get List Data Suggestion" library="search">
<var>${suggestion_ui_list}</var>
<arg>${keyword}</arg>
<kw name="Format String" library="String">
<var>${search_hint_data}</var>
<arg>${search.data_hint}</arg>
<arg>param=${keyword}</arg>
<doc>Formats a ``template`` using the given ``positional`` and ``named`` arguments.</doc>
<msg timestamp="20211013 09:51:57.682" level="INFO">${search_hint_data} = xpath=//android.widget.TextView[contains(@text, 'iphone')]</msg>
<status status="PASS" starttime="20211013 09:51:57.681" endtime="20211013 09:51:57.683"/>
</kw>
<kw name="Get Text Of Elements" library="common_keywords">
<arg>${search_hint_data}</arg>
<kw name="Get Elements" library="common_keywords">
<var>@{elements}</var>
<arg>${locator}</arg>
<doc>This keyword for getting elements after verify these elements is visible
${elems} - Varargs of locators or elements</doc>
<kw name="Verify Elements Are Visible" library="common_keywords">
<arg>@{elems}</arg>
<doc>Verify page contains elements</doc>
<for flavor="IN">
<var>${element}</var>
<value>@{elements}</value>
<iter>
<var name="${element}">xpath=//android.widget.TextView[contains(@text, 'iphone')]</var>
<kw name="Wait Until Page Contains Element" library="AppiumLibrary">
<arg>${element}</arg>
<arg>timeout=${GLOBALTIMEOUT}</arg>
<doc>Waits until element specified with `locator` appears on current page.</doc>
<status status="PASS" starttime="20211013 09:51:57.691" endtime="20211013 09:51:59.172"/>
</kw>
<status status="PASS" starttime="20211013 09:51:57.691" endtime="20211013 09:51:59.172"/>
</iter>
<status status="PASS" starttime="20211013 09:51:57.690" endtime="20211013 09:51:59.172"/>
</for>
<status status="PASS" starttime="20211013 09:51:57.690" endtime="20211013 09:51:59.172"/>
</kw>
<kw name="Get Webelements" library="AppiumLibrary">
<var>@{elements}</var>
<arg>@{elems}</arg>
<doc>Returns list of [http://selenium-python.readthedocs.io/api.html#module-selenium.webdriver.remote.webelement|WebElement] objects matching ``locator``.</doc>
<msg timestamp="20211013 09:51:59.210" level="INFO">@{elements} = [ &lt;appium.webdriver.webelement.WebElement (session="f1ea27d1-c06c-4661-aff4-33108210bcf1", element="ba510ba1-9102-4777-8791-2f1d262b487e")&gt; | &lt;appium.webdriver.webelement.WebElement (session="f1ea27d1...</msg>
<status status="PASS" starttime="20211013 09:51:59.173" endtime="20211013 09:51:59.210"/>
</kw>
<msg timestamp="20211013 09:51:59.210" level="INFO">@{elements} = [ &lt;appium.webdriver.webelement.WebElement (session="f1ea27d1-c06c-4661-aff4-33108210bcf1", element="ba510ba1-9102-4777-8791-2f1d262b487e")&gt; | &lt;appium.webdriver.webelement.WebElement (session="f1ea27d1...</msg>
<status status="PASS" starttime="20211013 09:51:57.687" endtime="20211013 09:51:59.210"/>
</kw>
<kw name="Create List" library="BuiltIn">
<var>${elem_txt_list}</var>
<doc>Returns a list containing given items.</doc>
<msg timestamp="20211013 09:51:59.211" level="INFO">${elem_txt_list} = []</msg>
<status status="PASS" starttime="20211013 09:51:59.211" endtime="20211013 09:51:59.211"/>
</kw>
<for flavor="IN">
<var>${element}</var>
<value>@{elements}</value>
<iter>
<var name="${element}">&lt;appium.webdriver.webelement.WebElement (session="f1ea27d1-c06c-4661-aff4-33108210bcf1", element="ba510ba1-9102-4777-8791-2f1d262b487e")&gt;</var>
<kw name="Get Text" library="common_keywords">
<var>${text}</var>
<arg>${element}</arg>
<doc>Get text of element
xpath=//android.widget.TextView[contains(@text, 'iphone')] - element</doc>
<kw name="Wait Until Element Is Visible" library="common_keywords">
<arg>${locator}</arg>
<doc>Wait element is visible</doc>
<kw name="Wait Until Element Is Visible" library="AppiumLibrary">
<arg>${locator}</arg>
<arg>timeout=${timeout}</arg>
<doc>Waits until element specified with `locator` is visible.</doc>
<status status="PASS" starttime="20211013 09:51:59.212" endtime="20211013 09:51:59.227"/>
</kw>
<status status="PASS" starttime="20211013 09:51:59.212" endtime="20211013 09:51:59.227"/>
</kw>
<kw name="Get Text" library="AppiumLibrary">
<var>${text}</var>
<arg>${locator}</arg>
<doc>Get element text (for hybrid and mobile browser use `xpath` locator, others might cause problem)</doc>
<msg timestamp="20211013 09:51:59.245" level="INFO">Element '&lt;appium.webdriver.webelement.WebElement (session="f1ea27d1-c06c-4661-aff4-33108210bcf1", element="ba510ba1-9102-4777-8791-2f1d262b487e")&gt;' text is 'iphone 11' </msg>
<msg timestamp="20211013 09:51:59.245" level="INFO">${text} = iphone 11</msg>
<status status="PASS" starttime="20211013 09:51:59.227" endtime="20211013 09:51:59.245"/>
</kw>
<msg timestamp="20211013 09:51:59.245" level="INFO">${text} = iphone 11</msg>
<status status="PASS" starttime="20211013 09:51:59.211" endtime="20211013 09:51:59.245"/>
</kw>
<kw name="Append To List" library="Collections">
<arg>${elem_txt_list}</arg>
<arg>${text}</arg>
<doc>Adds ``values`` to the end of ``list``.</doc>
<status status="PASS" starttime="20211013 09:51:59.245" endtime="20211013 09:51:59.246"/>
</kw>
<status status="PASS" starttime="20211013 09:51:59.211" endtime="20211013 09:51:59.246"/>
</iter>
<iter>
<var name="${element}">&lt;appium.webdriver.webelement.WebElement (session="f1ea27d1-c06c-4661-aff4-33108210bcf1", element="3b6b7a37-d1ae-4e36-86c7-05b512d77b5a")&gt;</var>
<kw name="Get Text" library="common_keywords">
<var>${text}</var>
<arg>${element}</arg>
<doc>Get text of element
xpath=//android.widget.TextView[contains(@text, 'iphone')] - element</doc>
<kw name="Wait Until Element Is Visible" library="common_keywords">
<arg>${locator}</arg>
<doc>Wait element is visible</doc>
<kw name="Wait Until Element Is Visible" library="AppiumLibrary">
<arg>${locator}</arg>
<arg>timeout=${timeout}</arg>
<doc>Waits until element specified with `locator` is visible.</doc>
<status status="PASS" starttime="20211013 09:51:59.247" endtime="20211013 09:51:59.262"/>
</kw>
<status status="PASS" starttime="20211013 09:51:59.246" endtime="20211013 09:51:59.262"/>
</kw>
<kw name="Get Text" library="AppiumLibrary">
<var>${text}</var>
<arg>${locator}</arg>
<doc>Get element text (for hybrid and mobile browser use `xpath` locator, others might cause problem)</doc>
<msg timestamp="20211013 09:51:59.286" level="INFO">Element '&lt;appium.webdriver.webelement.WebElement (session="f1ea27d1-c06c-4661-aff4-33108210bcf1", element="3b6b7a37-d1ae-4e36-86c7-05b512d77b5a")&gt;' text is 'iphone' </msg>
<msg timestamp="20211013 09:51:59.287" level="INFO">${text} = iphone</msg>
<status status="PASS" starttime="20211013 09:51:59.262" endtime="20211013 09:51:59.287"/>
</kw>
<msg timestamp="20211013 09:51:59.287" level="INFO">${text} = iphone</msg>
<status status="PASS" starttime="20211013 09:51:59.246" endtime="20211013 09:51:59.287"/>
</kw>
<kw name="Append To List" library="Collections">
<arg>${elem_txt_list}</arg>
<arg>${text}</arg>
<doc>Adds ``values`` to the end of ``list``.</doc>
<status status="PASS" starttime="20211013 09:51:59.288" endtime="20211013 09:51:59.288"/>
</kw>
<status status="PASS" starttime="20211013 09:51:59.246" endtime="20211013 09:51:59.288"/>
</iter>
<iter>
<var name="${element}">&lt;appium.webdriver.webelement.WebElement (session="f1ea27d1-c06c-4661-aff4-33108210bcf1", element="590d4a06-e673-4e2f-bd14-696085b60e24")&gt;</var>
<kw name="Get Text" library="common_keywords">
<var>${text}</var>
<arg>${element}</arg>
<doc>Get text of element
xpath=//android.widget.TextView[contains(@text, 'iphone')] - element</doc>
<kw name="Wait Until Element Is Visible" library="common_keywords">
<arg>${locator}</arg>
<doc>Wait element is visible</doc>
<kw name="Wait Until Element Is Visible" library="AppiumLibrary">
<arg>${locator}</arg>
<arg>timeout=${timeout}</arg>
<doc>Waits until element specified with `locator` is visible.</doc>
<status status="PASS" starttime="20211013 09:51:59.290" endtime="20211013 09:51:59.304"/>
</kw>
<status status="PASS" starttime="20211013 09:51:59.289" endtime="20211013 09:51:59.304"/>
</kw>
<kw name="Get Text" library="AppiumLibrary">
<var>${text}</var>
<arg>${locator}</arg>
<doc>Get element text (for hybrid and mobile browser use `xpath` locator, others might cause problem)</doc>
<msg timestamp="20211013 09:51:59.318" level="INFO">Element '&lt;appium.webdriver.webelement.WebElement (session="f1ea27d1-c06c-4661-aff4-33108210bcf1", element="590d4a06-e673-4e2f-bd14-696085b60e24")&gt;' text is 'iphone 12 pro max' </msg>
<msg timestamp="20211013 09:51:59.318" level="INFO">${text} = iphone 12 pro max</msg>
<status status="PASS" starttime="20211013 09:51:59.304" endtime="20211013 09:51:59.318"/>
</kw>
<msg timestamp="20211013 09:51:59.319" level="INFO">${text} = iphone 12 pro max</msg>
<status status="PASS" starttime="20211013 09:51:59.288" endtime="20211013 09:51:59.319"/>
</kw>
<kw name="Append To List" library="Collections">
<arg>${elem_txt_list}</arg>
<arg>${text}</arg>
<doc>Adds ``values`` to the end of ``list``.</doc>
<status status="PASS" starttime="20211013 09:51:59.319" endtime="20211013 09:51:59.319"/>
</kw>
<status status="PASS" starttime="20211013 09:51:59.288" endtime="20211013 09:51:59.319"/>
</iter>
<iter>
<var name="${element}">&lt;appium.webdriver.webelement.WebElement (session="f1ea27d1-c06c-4661-aff4-33108210bcf1", element="7d0fdcc5-3763-45a1-bb00-8e6507e7b5e8")&gt;</var>
<kw name="Get Text" library="common_keywords">
<var>${text}</var>
<arg>${element}</arg>
<doc>Get text of element
xpath=//android.widget.TextView[contains(@text, 'iphone')] - element</doc>
<kw name="Wait Until Element Is Visible" library="common_keywords">
<arg>${locator}</arg>
<doc>Wait element is visible</doc>
<kw name="Wait Until Element Is Visible" library="AppiumLibrary">
<arg>${locator}</arg>
<arg>timeout=${timeout}</arg>
<doc>Waits until element specified with `locator` is visible.</doc>
<status status="PASS" starttime="20211013 09:51:59.320" endtime="20211013 09:51:59.333"/>
</kw>
<status status="PASS" starttime="20211013 09:51:59.320" endtime="20211013 09:51:59.333"/>
</kw>
<kw name="Get Text" library="AppiumLibrary">
<var>${text}</var>
<arg>${locator}</arg>
<doc>Get element text (for hybrid and mobile browser use `xpath` locator, others might cause problem)</doc>
<msg timestamp="20211013 09:51:59.353" level="INFO">Element '&lt;appium.webdriver.webelement.WebElement (session="f1ea27d1-c06c-4661-aff4-33108210bcf1", element="7d0fdcc5-3763-45a1-bb00-8e6507e7b5e8")&gt;' text is 'iphone 12' </msg>
<msg timestamp="20211013 09:51:59.353" level="INFO">${text} = iphone 12</msg>
<status status="PASS" starttime="20211013 09:51:59.333" endtime="20211013 09:51:59.353"/>
</kw>
<msg timestamp="20211013 09:51:59.354" level="INFO">${text} = iphone 12</msg>
<status status="PASS" starttime="20211013 09:51:59.319" endtime="20211013 09:51:59.354"/>
</kw>
<kw name="Append To List" library="Collections">
<arg>${elem_txt_list}</arg>
<arg>${text}</arg>
<doc>Adds ``values`` to the end of ``list``.</doc>
<status status="PASS" starttime="20211013 09:51:59.354" endtime="20211013 09:51:59.355"/>
</kw>
<status status="PASS" starttime="20211013 09:51:59.319" endtime="20211013 09:51:59.355"/>
</iter>
<iter>
<var name="${element}">&lt;appium.webdriver.webelement.WebElement (session="f1ea27d1-c06c-4661-aff4-33108210bcf1", element="fa3839de-1000-4862-8652-ccdffcdd236a")&gt;</var>
<kw name="Get Text" library="common_keywords">
<var>${text}</var>
<arg>${element}</arg>
<doc>Get text of element
xpath=//android.widget.TextView[contains(@text, 'iphone')] - element</doc>
<kw name="Wait Until Element Is Visible" library="common_keywords">
<arg>${locator}</arg>
<doc>Wait element is visible</doc>
<kw name="Wait Until Element Is Visible" library="AppiumLibrary">
<arg>${locator}</arg>
<arg>timeout=${timeout}</arg>
<doc>Waits until element specified with `locator` is visible.</doc>
<status status="PASS" starttime="20211013 09:51:59.356" endtime="20211013 09:51:59.369"/>
</kw>
<status status="PASS" starttime="20211013 09:51:59.355" endtime="20211013 09:51:59.369"/>
</kw>
<kw name="Get Text" library="AppiumLibrary">
<var>${text}</var>
<arg>${locator}</arg>
<doc>Get element text (for hybrid and mobile browser use `xpath` locator, others might cause problem)</doc>
<msg timestamp="20211013 09:51:59.384" level="INFO">Element '&lt;appium.webdriver.webelement.WebElement (session="f1ea27d1-c06c-4661-aff4-33108210bcf1", element="fa3839de-1000-4862-8652-ccdffcdd236a")&gt;' text is 'iphone 11 pro max' </msg>
<msg timestamp="20211013 09:51:59.384" level="INFO">${text} = iphone 11 pro max</msg>
<status status="PASS" starttime="20211013 09:51:59.369" endtime="20211013 09:51:59.384"/>
</kw>
<msg timestamp="20211013 09:51:59.385" level="INFO">${text} = iphone 11 pro max</msg>
<status status="PASS" starttime="20211013 09:51:59.355" endtime="20211013 09:51:59.385"/>
</kw>
<kw name="Append To List" library="Collections">
<arg>${elem_txt_list}</arg>
<arg>${text}</arg>
<doc>Adds ``values`` to the end of ``list``.</doc>
<status status="PASS" starttime="20211013 09:51:59.385" endtime="20211013 09:51:59.385"/>
</kw>
<status status="PASS" starttime="20211013 09:51:59.355" endtime="20211013 09:51:59.385"/>
</iter>
<status status="PASS" starttime="20211013 09:51:59.211" endtime="20211013 09:51:59.385"/>
</for>
<status status="PASS" starttime="20211013 09:51:57.683" endtime="20211013 09:51:59.385"/>
</kw>
<kw name="Get Text Of Elements" library="common_keywords">
<var>${products_name_list}</var>
<arg>${search_hint_data}</arg>
<kw name="Get Elements" library="common_keywords">
<var>@{elements}</var>
<arg>${locator}</arg>
<doc>This keyword for getting elements after verify these elements is visible
${elems} - Varargs of locators or elements</doc>
<kw name="Verify Elements Are Visible" library="common_keywords">
<arg>@{elems}</arg>
<doc>Verify page contains elements</doc>
<for flavor="IN">
<var>${element}</var>
<value>@{elements}</value>
<iter>
<var name="${element}">xpath=//android.widget.TextView[contains(@text, 'iphone')]</var>
<kw name="Wait Until Page Contains Element" library="AppiumLibrary">
<arg>${element}</arg>
<arg>timeout=${GLOBALTIMEOUT}</arg>
<doc>Waits until element specified with `locator` appears on current page.</doc>
<status status="PASS" starttime="20211013 09:51:59.388" endtime="20211013 09:51:59.440"/>
</kw>
<status status="PASS" starttime="20211013 09:51:59.388" endtime="20211013 09:51:59.441"/>
</iter>
<status status="PASS" starttime="20211013 09:51:59.387" endtime="20211013 09:51:59.441"/>
</for>
<status status="PASS" starttime="20211013 09:51:59.387" endtime="20211013 09:51:59.441"/>
</kw>
<kw name="Get Webelements" library="AppiumLibrary">
<var>@{elements}</var>
<arg>@{elems}</arg>
<doc>Returns list of [http://selenium-python.readthedocs.io/api.html#module-selenium.webdriver.remote.webelement|WebElement] objects matching ``locator``.</doc>
<msg timestamp="20211013 09:51:59.473" level="INFO">@{elements} = [ &lt;appium.webdriver.webelement.WebElement (session="f1ea27d1-c06c-4661-aff4-33108210bcf1", element="f9ab66ea-330b-4815-aee5-20e95b0a8b20")&gt; | &lt;appium.webdriver.webelement.WebElement (session="f1ea27d1...</msg>
<status status="PASS" starttime="20211013 09:51:59.441" endtime="20211013 09:51:59.473"/>
</kw>
<msg timestamp="20211013 09:51:59.473" level="INFO">@{elements} = [ &lt;appium.webdriver.webelement.WebElement (session="f1ea27d1-c06c-4661-aff4-33108210bcf1", element="f9ab66ea-330b-4815-aee5-20e95b0a8b20")&gt; | &lt;appium.webdriver.webelement.WebElement (session="f1ea27d1...</msg>
<status status="PASS" starttime="20211013 09:51:59.386" endtime="20211013 09:51:59.474"/>
</kw>
<kw name="Create List" library="BuiltIn">
<var>${elem_txt_list}</var>
<doc>Returns a list containing given items.</doc>
<msg timestamp="20211013 09:51:59.474" level="INFO">${elem_txt_list} = []</msg>
<status status="PASS" starttime="20211013 09:51:59.474" endtime="20211013 09:51:59.474"/>
</kw>
<for flavor="IN">
<var>${element}</var>
<value>@{elements}</value>
<iter>
<var name="${element}">&lt;appium.webdriver.webelement.WebElement (session="f1ea27d1-c06c-4661-aff4-33108210bcf1", element="f9ab66ea-330b-4815-aee5-20e95b0a8b20")&gt;</var>
<kw name="Get Text" library="common_keywords">
<var>${text}</var>
<arg>${element}</arg>
<doc>Get text of element
xpath=//android.widget.TextView[contains(@text, 'iphone')] - element</doc>
<kw name="Wait Until Element Is Visible" library="common_keywords">
<arg>${locator}</arg>
<doc>Wait element is visible</doc>
<kw name="Wait Until Element Is Visible" library="AppiumLibrary">
<arg>${locator}</arg>
<arg>timeout=${timeout}</arg>
<doc>Waits until element specified with `locator` is visible.</doc>
<status status="PASS" starttime="20211013 09:51:59.475" endtime="20211013 09:51:59.489"/>
</kw>
<status status="PASS" starttime="20211013 09:51:59.475" endtime="20211013 09:51:59.489"/>
</kw>
<kw name="Get Text" library="AppiumLibrary">
<var>${text}</var>
<arg>${locator}</arg>
<doc>Get element text (for hybrid and mobile browser use `xpath` locator, others might cause problem)</doc>
<msg timestamp="20211013 09:51:59.509" level="INFO">Element '&lt;appium.webdriver.webelement.WebElement (session="f1ea27d1-c06c-4661-aff4-33108210bcf1", element="f9ab66ea-330b-4815-aee5-20e95b0a8b20")&gt;' text is 'iphone 11' </msg>
<msg timestamp="20211013 09:51:59.509" level="INFO">${text} = iphone 11</msg>
<status status="PASS" starttime="20211013 09:51:59.489" endtime="20211013 09:51:59.509"/>
</kw>
<msg timestamp="20211013 09:51:59.509" level="INFO">${text} = iphone 11</msg>
<status status="PASS" starttime="20211013 09:51:59.474" endtime="20211013 09:51:59.509"/>
</kw>
<kw name="Append To List" library="Collections">
<arg>${elem_txt_list}</arg>
<arg>${text}</arg>
<doc>Adds ``values`` to the end of ``list``.</doc>
<status status="PASS" starttime="20211013 09:51:59.509" endtime="20211013 09:51:59.509"/>
</kw>
<status status="PASS" starttime="20211013 09:51:59.474" endtime="20211013 09:51:59.509"/>
</iter>
<iter>
<var name="${element}">&lt;appium.webdriver.webelement.WebElement (session="f1ea27d1-c06c-4661-aff4-33108210bcf1", element="3bbb84af-68bf-4c43-b021-1c0667129a01")&gt;</var>
<kw name="Get Text" library="common_keywords">
<var>${text}</var>
<arg>${element}</arg>
<doc>Get text of element
xpath=//android.widget.TextView[contains(@text, 'iphone')] - element</doc>
<kw name="Wait Until Element Is Visible" library="common_keywords">
<arg>${locator}</arg>
<doc>Wait element is visible</doc>
<kw name="Wait Until Element Is Visible" library="AppiumLibrary">
<arg>${locator}</arg>
<arg>timeout=${timeout}</arg>
<doc>Waits until element specified with `locator` is visible.</doc>
<status status="PASS" starttime="20211013 09:51:59.511" endtime="20211013 09:51:59.523"/>
</kw>
<status status="PASS" starttime="20211013 09:51:59.510" endtime="20211013 09:51:59.524"/>
</kw>
<kw name="Get Text" library="AppiumLibrary">
<var>${text}</var>
<arg>${locator}</arg>
<doc>Get element text (for hybrid and mobile browser use `xpath` locator, others might cause problem)</doc>
<msg timestamp="20211013 09:51:59.539" level="INFO">Element '&lt;appium.webdriver.webelement.WebElement (session="f1ea27d1-c06c-4661-aff4-33108210bcf1", element="3bbb84af-68bf-4c43-b021-1c0667129a01")&gt;' text is 'iphone' </msg>
<msg timestamp="20211013 09:51:59.539" level="INFO">${text} = iphone</msg>
<status status="PASS" starttime="20211013 09:51:59.524" endtime="20211013 09:51:59.539"/>
</kw>
<msg timestamp="20211013 09:51:59.539" level="INFO">${text} = iphone</msg>
<status status="PASS" starttime="20211013 09:51:59.510" endtime="20211013 09:51:59.539"/>
</kw>
<kw name="Append To List" library="Collections">
<arg>${elem_txt_list}</arg>
<arg>${text}</arg>
<doc>Adds ``values`` to the end of ``list``.</doc>
<status status="PASS" starttime="20211013 09:51:59.539" endtime="20211013 09:51:59.540"/>
</kw>
<status status="PASS" starttime="20211013 09:51:59.510" endtime="20211013 09:51:59.540"/>
</iter>
<iter>
<var name="${element}">&lt;appium.webdriver.webelement.WebElement (session="f1ea27d1-c06c-4661-aff4-33108210bcf1", element="65f987bb-2e49-4ba4-a243-6fde2639cc87")&gt;</var>
<kw name="Get Text" library="common_keywords">
<var>${text}</var>
<arg>${element}</arg>
<doc>Get text of element
xpath=//android.widget.TextView[contains(@text, 'iphone')] - element</doc>
<kw name="Wait Until Element Is Visible" library="common_keywords">
<arg>${locator}</arg>
<doc>Wait element is visible</doc>
<kw name="Wait Until Element Is Visible" library="AppiumLibrary">
<arg>${locator}</arg>
<arg>timeout=${timeout}</arg>
<doc>Waits until element specified with `locator` is visible.</doc>
<status status="PASS" starttime="20211013 09:51:59.541" endtime="20211013 09:51:59.555"/>
</kw>
<status status="PASS" starttime="20211013 09:51:59.540" endtime="20211013 09:51:59.556"/>
</kw>
<kw name="Get Text" library="AppiumLibrary">
<var>${text}</var>
<arg>${locator}</arg>
<doc>Get element text (for hybrid and mobile browser use `xpath` locator, others might cause problem)</doc>
<msg timestamp="20211013 09:51:59.570" level="INFO">Element '&lt;appium.webdriver.webelement.WebElement (session="f1ea27d1-c06c-4661-aff4-33108210bcf1", element="65f987bb-2e49-4ba4-a243-6fde2639cc87")&gt;' text is 'iphone 12 pro max' </msg>
<msg timestamp="20211013 09:51:59.571" level="INFO">${text} = iphone 12 pro max</msg>
<status status="PASS" starttime="20211013 09:51:59.556" endtime="20211013 09:51:59.571"/>
</kw>
<msg timestamp="20211013 09:51:59.571" level="INFO">${text} = iphone 12 pro max</msg>
<status status="PASS" starttime="20211013 09:51:59.540" endtime="20211013 09:51:59.571"/>
</kw>
<kw name="Append To List" library="Collections">
<arg>${elem_txt_list}</arg>
<arg>${text}</arg>
<doc>Adds ``values`` to the end of ``list``.</doc>
<status status="PASS" starttime="20211013 09:51:59.571" endtime="20211013 09:51:59.571"/>
</kw>
<status status="PASS" starttime="20211013 09:51:59.540" endtime="20211013 09:51:59.571"/>
</iter>
<iter>
<var name="${element}">&lt;appium.webdriver.webelement.WebElement (session="f1ea27d1-c06c-4661-aff4-33108210bcf1", element="08abd646-544d-496c-9fdc-28e2f408a534")&gt;</var>
<kw name="Get Text" library="common_keywords">
<var>${text}</var>
<arg>${element}</arg>
<doc>Get text of element
xpath=//android.widget.TextView[contains(@text, 'iphone')] - element</doc>
<kw name="Wait Until Element Is Visible" library="common_keywords">
<arg>${locator}</arg>
<doc>Wait element is visible</doc>
<kw name="Wait Until Element Is Visible" library="AppiumLibrary">
<arg>${locator}</arg>
<arg>timeout=${timeout}</arg>
<doc>Waits until element specified with `locator` is visible.</doc>
<status status="PASS" starttime="20211013 09:51:59.572" endtime="20211013 09:51:59.587"/>
</kw>
<status status="PASS" starttime="20211013 09:51:59.572" endtime="20211013 09:51:59.587"/>
</kw>
<kw name="Get Text" library="AppiumLibrary">
<var>${text}</var>
<arg>${locator}</arg>
<doc>Get element text (for hybrid and mobile browser use `xpath` locator, others might cause problem)</doc>
<msg timestamp="20211013 09:51:59.601" level="INFO">Element '&lt;appium.webdriver.webelement.WebElement (session="f1ea27d1-c06c-4661-aff4-33108210bcf1", element="08abd646-544d-496c-9fdc-28e2f408a534")&gt;' text is 'iphone 12' </msg>
<msg timestamp="20211013 09:51:59.602" level="INFO">${text} = iphone 12</msg>
<status status="PASS" starttime="20211013 09:51:59.587" endtime="20211013 09:51:59.602"/>
</kw>
<msg timestamp="20211013 09:51:59.602" level="INFO">${text} = iphone 12</msg>
<status status="PASS" starttime="20211013 09:51:59.572" endtime="20211013 09:51:59.602"/>
</kw>
<kw name="Append To List" library="Collections">
<arg>${elem_txt_list}</arg>
<arg>${text}</arg>
<doc>Adds ``values`` to the end of ``list``.</doc>
<status status="PASS" starttime="20211013 09:51:59.602" endtime="20211013 09:51:59.602"/>
</kw>
<status status="PASS" starttime="20211013 09:51:59.571" endtime="20211013 09:51:59.602"/>
</iter>
<iter>
[...]
<arg>AppiumLibrary.Close Application</arg>
<doc>Runs the given keyword with the given arguments and ignores possible error.</doc>
<kw name="Close Application" library="AppiumLibrary">
<doc>Closes the current application and also close webdriver session.</doc>
<status status="PASS" starttime="20211013 09:53:46.006" endtime="20211013 09:53:46.712"/>
</kw>
<status status="PASS" starttime="20211013 09:53:46.006" endtime="20211013 09:53:46.712"/>
</kw>
<status status="PASS" starttime="20211013 09:53:46.004" endtime="20211013 09:53:46.712"/>
</kw>
<status status="PASS" starttime="20211013 09:53:46.003" endtime="20211013 09:53:46.713"/>
</kw>
<status status="PASS" starttime="20211013 09:53:09.661" endtime="20211013 09:53:46.713"/>
</test>
<test id="s1-s3-t2" name="Verify Search Suggestion Should Be Displayed">
<kw name="Open Application" library="common_keywords" type="SETUP">
<arg>${device_info.luan_device}</arg>
<kw name="Create Dictionary" library="BuiltIn">
<var>${device_data_dict}</var>
<arg>deviceName</arg>
<arg>${device_data.deviceName}</arg>
<arg>platformName</arg>
<arg>${device_data.platformName}</arg>
<arg>platformVersion</arg>
<arg>${device_data.platformVersion}</arg>
<arg>app</arg>
<arg>${device_data.app}</arg>
<arg>newCommandTimeout</arg>
<arg>${device_data.newCommandTimeout}</arg>
<arg>noReset</arg>
<arg>${device_data.noReset}</arg>
<arg>autoGrantPermissions</arg>
<arg>${device_data.autoGrantPermissions}</arg>
<doc>Creates and returns a dictionary based on the given ``items``.</doc>
<msg timestamp="20211013 09:53:46.721" level="INFO">${device_data_dict} = {'deviceName': 'emulator-5554', 'platformName': 'android', 'platformVersion': '11', 'app': 'D:/shopeeApp/Shopee.apk', 'newCommandTimeout': 400, 'noReset': False, 'autoGrantPermissions': True}</msg>
<status status="PASS" starttime="20211013 09:53:46.718" endtime="20211013 09:53:46.721"/>
</kw>
<kw name="Open Application" library="AppiumLibrary">
<arg>http://127.0.0.1:4723/wd/hub</arg>
<arg>&amp;{device_data_dict}</arg>
<doc>Opens a new application to given Appium server.
Capabilities of appium server, Android and iOS,
Please check https://github.com/appium/appium/blob/master/docs/en/writing-running-appium/server-args.md
| *Option*            | *Man.* | *Description*     |
| remote_url          | Yes    | Appium server url |
| alias               | no     | alias             |</doc>
<status status="PASS" starttime="20211013 09:53:46.722" endtime="20211013 09:54:03.130"/>
</kw>
<kw name="Swipe Left To Find Element" library="common_keywords">
<arg>${big_locator}</arg>
<arg>${start_button}</arg>
<kw name="Wait Until Element Is Visible" library="common_keywords">
<arg>${scroallable_elem}</arg>
<doc>Wait element is visible</doc>
<kw name="Wait Until Element Is Visible" library="AppiumLibrary">
<arg>${locator}</arg>
<arg>timeout=${timeout}</arg>
<doc>Waits until element specified with `locator` is visible.</doc>
<status status="PASS" starttime="20211013 09:54:03.132" endtime="20211013 09:54:04.876"/>
</kw>
<status status="PASS" starttime="20211013 09:54:03.131" endtime="20211013 09:54:04.876"/>
</kw>
<kw name="Get Webelement" library="AppiumLibrary">
<var>${elem_locator}</var>
<arg>${scroallable_elem}</arg>
<doc>Returns the first [http://selenium-python.readthedocs.io/api.html#module-selenium.webdriver.remote.webelement|WebElement] object matching ``locator``.</doc>
<msg timestamp="20211013 09:54:04.898" level="INFO">${elem_locator} = &lt;appium.webdriver.webelement.WebElement (session="8e73cba8-5d14-4811-975b-c8e9c5953ab6", element="4e632e7b-d59e-4a70-b310-469d0d477f3c")&gt;</msg>
<status status="PASS" starttime="20211013 09:54:04.876" endtime="20211013 09:54:04.898"/>
</kw>
<kw name="Get Element Size" library="AppiumLibrary">
<var>${elem_size}</var>
<arg>${elem_locator}</arg>
<doc>Get element size</doc>
<msg timestamp="20211013 09:54:04.915" level="INFO">Element '&lt;appium.webdriver.webelement.WebElement (session="8e73cba8-5d14-4811-975b-c8e9c5953ab6", element="4e632e7b-d59e-4a70-b310-469d0d477f3c")&gt;' size: {'height': 1794, 'width': 1080} </msg>
<msg timestamp="20211013 09:54:04.915" level="INFO">${elem_size} = {'height': 1794, 'width': 1080}</msg>
<status status="PASS" starttime="20211013 09:54:04.898" endtime="20211013 09:54:04.915"/>
</kw>
<kw name="Evaluate" library="BuiltIn">
<var>${elem_x_start}</var>
<arg>${elem_size}[width] * ${scale_max}</arg>
<doc>Evaluates the given expression in Python and returns the result.</doc>
<msg timestamp="20211013 09:54:04.916" level="INFO">${elem_x_start} = 1026.0</msg>
<status status="PASS" starttime="20211013 09:54:04.915" endtime="20211013 09:54:04.916"/>
</kw>
<kw name="Evaluate" library="BuiltIn">
<var>${elem_x_end}</var>
<arg>${elem_size}[width] * ${scale_min}</arg>
<doc>Evaluates the given expression in Python and returns the result.</doc>
<msg timestamp="20211013 09:54:04.916" level="INFO">${elem_x_end} = 216.0</msg>
<status status="PASS" starttime="20211013 09:54:04.916" endtime="20211013 09:54:04.916"/>
</kw>
<kw name="Evaluate" library="BuiltIn">
<var>${elem_y_start}</var>
<arg>${elem_size}[height] * 0.5</arg>
<doc>Evaluates the given expression in Python and returns the result.</doc>
<msg timestamp="20211013 09:54:04.917" level="INFO">${elem_y_start} = 897.0</msg>
<status status="PASS" starttime="20211013 09:54:04.916" endtime="20211013 09:54:04.917"/>
</kw>
<kw name="Get Element Location" library="AppiumLibrary">
<var>${elem_location}</var>
<arg>${elem_locator}</arg>
<doc>Get element location</doc>
<msg timestamp="20211013 09:54:04.931" level="INFO">Element '&lt;appium.webdriver.webelement.WebElement (session="8e73cba8-5d14-4811-975b-c8e9c5953ab6", element="4e632e7b-d59e-4a70-b310-469d0d477f3c")&gt;' location: {'x': 0, 'y': 0} </msg>
<msg timestamp="20211013 09:54:04.932" level="INFO">${elem_location} = {'x': 0, 'y': 0}</msg>
<status status="PASS" starttime="20211013 09:54:04.917" endtime="20211013 09:54:04.932"/>
</kw>
<for flavor="IN RANGE">
<var>${index}</var>
<value>${scroll_times}</value>
<iter>
<var name="${index}">0</var>
<kw name="Run Keyword And Return Status" library="BuiltIn">
<var>${status}</var>
<arg>AppiumLibrary.Element Should Be Visible</arg>
<arg>${target_elem}</arg>
<doc>Runs the given keyword with given arguments and returns the status as a Boolean value.</doc>
<kw name="Element Should Be Visible" library="AppiumLibrary">
<arg>${target_elem}</arg>
<doc>Verifies that element identified with locator is visible.</doc>
<kw name="Capture Page Screenshot" library="AppiumLibrary">
<doc>Takes a screenshot of the current page and embeds it into the log.</doc>
<msg timestamp="20211013 09:54:05.299" level="INFO" html="true">&lt;/td&gt;&lt;/tr&gt;&lt;tr&gt;&lt;td colspan="3"&gt;&lt;a href="appium-screenshot-21.png"&gt;&lt;img src="appium-screenshot-21.png" width="800px"&gt;&lt;/a&gt;</msg>
<status status="PASS" starttime="20211013 09:54:04.973" endtime="20211013 09:54:05.299"/>
</kw>
<msg timestamp="20211013 09:54:05.300" level="FAIL">ValueError: Element locator '//android.widget.Button' did not match any elements.</msg>
<status status="FAIL" starttime="20211013 09:54:04.932" endtime="20211013 09:54:05.300"/>
</kw>
<msg timestamp="20211013 09:54:05.300" level="INFO">${status} = False</msg>
<status status="PASS" starttime="20211013 09:54:04.932" endtime="20211013 09:54:05.300"/>
</kw>
<kw name="Run Keyword If" library="BuiltIn">
<arg>'${status}'=='${TRUE}'</arg>
<arg>Exit For Loop</arg>
<doc>Runs the given keyword with the given arguments, if ``condition`` is true.</doc>
<status status="PASS" starttime="20211013 09:54:05.300" endtime="20211013 09:54:05.301"/>
</kw>
<kw name="Swipe" library="AppiumLibrary">
<arg>${elem_x_start}</arg>
<arg>${elem_y_start}</arg>
<arg>${elem_x_end}</arg>
<arg>${elem_y_start}</arg>
<arg>1000</arg>
<doc>Swipe from one point to another point, for an optional duration.</doc>
<status status="PASS" starttime="20211013 09:54:05.301" endtime="20211013 09:54:06.668"/>
</kw>
<status status="PASS" starttime="20211013 09:54:04.932" endtime="20211013 09:54:06.668"/>
</iter>
<iter>
<var name="${index}">1</var>
<kw name="Run Keyword And Return Status" library="BuiltIn">
<var>${status}</var>
<arg>AppiumLibrary.Element Should Be Visible</arg>
<arg>${target_elem}</arg>
<doc>Runs the given keyword with given arguments and returns the status as a Boolean value.</doc>
<kw name="Element Should Be Visible" library="AppiumLibrary">
<arg>${target_elem}</arg>
<doc>Verifies that element identified with locator is visible.</doc>
<kw name="Capture Page Screenshot" library="AppiumLibrary">
<doc>Takes a screenshot of the current page and embeds it into the log.</doc>
<msg timestamp="20211013 09:54:07.501" level="INFO" html="true">&lt;/td&gt;&lt;/tr&gt;&lt;tr&gt;&lt;td colspan="3"&gt;&lt;a href="appium-screenshot-22.png"&gt;&lt;img src="appium-screenshot-22.png" width="800px"&gt;&lt;/a&gt;</msg>
<status status="PASS" starttime="20211013 09:54:07.214" endtime="20211013 09:54:07.501"/>
</kw>
<msg timestamp="20211013 09:54:07.502" level="FAIL">ValueError: Element locator '//android.widget.Button' did not match any elements.</msg>
<status status="FAIL" starttime="20211013 09:54:06.668" endtime="20211013 09:54:07.502"/>
</kw>
<msg timestamp="20211013 09:54:07.502" level="INFO">${status} = False</msg>
<status status="PASS" starttime="20211013 09:54:06.668" endtime="20211013 09:54:07.502"/>
</kw>
<kw name="Run Keyword If" library="BuiltIn">
<arg>'${status}'=='${TRUE}'</arg>
<arg>Exit For Loop</arg>
<doc>Runs the given keyword with the given arguments, if ``condition`` is true.</doc>
<status status="PASS" starttime="20211013 09:54:07.503" endtime="20211013 09:54:07.503"/>
</kw>
<kw name="Swipe" library="AppiumLibrary">
<arg>${elem_x_start}</arg>
<arg>${elem_y_start}</arg>
<arg>${elem_x_end}</arg>
<arg>${elem_y_start}</arg>
<arg>1000</arg>
<doc>Swipe from one point to another point, for an optional duration.</doc>
<status status="PASS" starttime="20211013 09:54:07.503" endtime="20211013 09:54:08.794"/>
</kw>
<status status="PASS" starttime="20211013 09:54:06.668" endtime="20211013 09:54:08.794"/>
</iter>
<iter>
<var name="${index}">2</var>
<kw name="Run Keyword And Return Status" library="BuiltIn">
<var>${status}</var>
<arg>AppiumLibrary.Element Should Be Visible</arg>
<arg>${target_elem}</arg>
<doc>Runs the given keyword with given arguments and returns the status as a Boolean value.</doc>
<kw name="Element Should Be Visible" library="AppiumLibrary">
<arg>${target_elem}</arg>
<doc>Verifies that element identified with locator is visible.</doc>
<kw name="Capture Page Screenshot" library="AppiumLibrary">
<doc>Takes a screenshot of the current page and embeds it into the log.</doc>
<msg timestamp="20211013 09:54:09.570" level="INFO" html="true">&lt;/td&gt;&lt;/tr&gt;&lt;tr&gt;&lt;td colspan="3"&gt;&lt;a href="appium-screenshot-23.png"&gt;&lt;img src="appium-screenshot-23.png" width="800px"&gt;&lt;/a&gt;</msg>
<status status="PASS" starttime="20211013 09:54:09.290" endtime="20211013 09:54:09.570"/>
</kw>
<msg timestamp="20211013 09:54:09.571" level="FAIL">ValueError: Element locator '//android.widget.Button' did not match any elements.</msg>
<status status="FAIL" starttime="20211013 09:54:08.794" endtime="20211013 09:54:09.571"/>
</kw>
<msg timestamp="20211013 09:54:09.572" level="INFO">${status} = False</msg>
<status status="PASS" starttime="20211013 09:54:08.794" endtime="20211013 09:54:09.572"/>
</kw>
<kw name="Run Keyword If" library="BuiltIn">
<arg>'${status}'=='${TRUE}'</arg>
<arg>Exit For Loop</arg>
<doc>Runs the given keyword with the given arguments, if ``condition`` is true.</doc>
<status status="PASS" starttime="20211013 09:54:09.572" endtime="20211013 09:54:09.572"/>
</kw>
<kw name="Swipe" library="AppiumLibrary">
<arg>${elem_x_start}</arg>
<arg>${elem_y_start}</arg>
<arg>${elem_x_end}</arg>
<arg>${elem_y_start}</arg>
<arg>1000</arg>
<doc>Swipe from one point to another point, for an optional duration.</doc>
<status status="PASS" starttime="20211013 09:54:09.572" endtime="20211013 09:54:10.902"/>
</kw>
<status status="PASS" starttime="20211013 09:54:08.794" endtime="20211013 09:54:10.902"/>
</iter>
<iter>
<var name="${index}">3</var>
<kw name="Run Keyword And Return Status" library="BuiltIn">
<var>${status}</var>
<arg>AppiumLibrary.Element Should Be Visible</arg>
<arg>${target_elem}</arg>
<doc>Runs the given keyword with given arguments and returns the status as a Boolean value.</doc>
<kw name="Element Should Be Visible" library="AppiumLibrary">
<arg>${target_elem}</arg>
<doc>Verifies that element identified with locator is visible.</doc>
<status status="PASS" starttime="20211013 09:54:10.903" endtime="20211013 09:54:11.308"/>
</kw>
<msg timestamp="20211013 09:54:11.308" level="INFO">${status} = True</msg>
<status status="PASS" starttime="20211013 09:54:10.902" endtime="20211013 09:54:11.308"/>
</kw>
<kw name="Run Keyword If" library="BuiltIn">
<arg>'${status}'=='${TRUE}'</arg>
<arg>Exit For Loop</arg>
<doc>Runs the given keyword with the given arguments, if ``condition`` is true.</doc>
<kw name="Exit For Loop" library="BuiltIn">
<doc>Stops executing the enclosing for loop.</doc>
<msg timestamp="20211013 09:54:11.309" level="INFO">Exiting for loop altogether.</msg>
<status status="PASS" starttime="20211013 09:54:11.309" endtime="20211013 09:54:11.309"/>
</kw>
<status status="PASS" starttime="20211013 09:54:11.308" endtime="20211013 09:54:11.309"/>
</kw>
<status status="PASS" starttime="20211013 09:54:10.902" endtime="20211013 09:54:11.310"/>
</iter>
<status status="PASS" starttime="20211013 09:54:04.932" endtime="20211013 09:54:11.310"/>
</for>
<status status="PASS" starttime="20211013 09:54:03.130" endtime="20211013 09:54:11.310"/>
</kw>
<kw name="Click Element" library="common_keywords">
<arg>${start_button}</arg>
<doc>Click on element
${locator} - element
${timeout} - Waiting time for element visible</doc>
<kw name="Wait Until Element Is Visible" library="AppiumLibrary">
<arg>${locator}</arg>
<arg>timeout=${timeout}</arg>
<doc>Waits until element specified with `locator` is visible.</doc>
<status status="PASS" starttime="20211013 09:54:11.312" endtime="20211013 09:54:11.355"/>
</kw>
<kw name="Click Element" library="AppiumLibrary">
<arg>${locator}</arg>
<doc>Click element identified by `locator`.</doc>
<msg timestamp="20211013 09:54:11.357" level="INFO">Clicking element '//android.widget.Button'.</msg>
<status status="PASS" starttime="20211013 09:54:11.355" endtime="20211013 09:54:11.472"/>
</kw>
<status status="PASS" starttime="20211013 09:54:11.311" endtime="20211013 09:54:11.472"/>
</kw>
<status status="PASS" starttime="20211013 09:53:46.716" endtime="20211013 09:54:11.472"/>
</kw>
<kw name="Verify Suggestion Should Be Displayed With Section" library="search_feature">
<kw name="Click On Search Text Box" library="home_page">
<kw name="Click Element" library="common_keywords">
<arg>${input_text_box}</arg>
<doc>Click on element
${locator} - element
${timeout} - Waiting time for element visible</doc>
<kw name="Wait Until Element Is Visible" library="AppiumLibrary">
<arg>${locator}</arg>
<arg>timeout=${timeout}</arg>
<doc>Waits until element specified with `locator` is visible.</doc>
<status status="PASS" starttime="20211013 09:54:11.478" endtime="20211013 09:54:24.338"/>
</kw>
<kw name="Click Element" library="AppiumLibrary">
<arg>${locator}</arg>
<doc>Click element identified by `locator`.</doc>
<msg timestamp="20211013 09:54:24.340" level="INFO">Clicking element '//android.view.ViewGroup/android.widget.ImageView//following-sibling::android.view.ViewGroup/preceding-sibling::android.widget.TextView'.</msg>
<status status="PASS" starttime="20211013 09:54:24.338" endtime="20211013 09:54:24.481"/>
</kw>
<status status="PASS" starttime="20211013 09:54:11.477" endtime="20211013 09:54:24.482"/>
</kw>
<status status="PASS" starttime="20211013 09:54:11.474" endtime="20211013 09:54:24.483"/>
</kw>
<kw name="Hide Keyboard" library="common_keywords">
<kw name="Hide Keyboard" library="AppiumLibrary">
<doc>Hides the software keyboard on the device. (optional) In iOS, use `key_name` to press
a particular key, ex. `Done`. In Android, no parameters are used.</doc>
<status status="PASS" starttime="20211013 09:54:24.483" endtime="20211013 09:54:24.672"/>
</kw>
<status status="PASS" starttime="20211013 09:54:24.483" endtime="20211013 09:54:24.672"/>
</kw>
<kw name="Verify Suggestion Part Is Displayed" library="search">
<kw name="Wait Until Element Is Visible" library="common_keywords">
<arg>${suggestion_part}</arg>
<doc>Wait element is visible</doc>
<kw name="Wait Until Element Is Visible" library="AppiumLibrary">
<arg>${locator}</arg>
<arg>timeout=${timeout}</arg>
<doc>Waits until element specified with `locator` is visible.</doc>
<status status="PASS" starttime="20211013 09:54:24.674" endtime="20211013 09:54:26.913"/>
</kw>
<status status="PASS" starttime="20211013 09:54:24.673" endtime="20211013 09:54:26.913"/>
</kw>
<status status="PASS" starttime="20211013 09:54:24.672" endtime="20211013 09:54:26.914"/>
</kw>
<kw name="Verify Category Is Visible" library="search">
<kw name="Wait Until Element Is Visible" library="common_keywords">
<arg>${category_part}</arg>
<doc>Wait element is visible</doc>
<kw name="Wait Until Element Is Visible" library="AppiumLibrary">
<arg>${locator}</arg>
<arg>timeout=${timeout}</arg>
<doc>Waits until element specified with `locator` is visible.</doc>
<status status="PASS" starttime="20211013 09:54:26.915" endtime="20211013 09:54:26.982"/>
</kw>
<status status="PASS" starttime="20211013 09:54:26.914" endtime="20211013 09:54:26.982"/>
</kw>
<status status="PASS" starttime="20211013 09:54:26.914" endtime="20211013 09:54:26.982"/>
</kw>
<status status="PASS" starttime="20211013 09:54:11.473" endtime="20211013 09:54:26.982"/>
</kw>
<kw name="Run Keywords" library="BuiltIn" type="TEARDOWN">
<arg>common_keywords.Close Application</arg>
<doc>Executes all the given keywords in a sequence.</doc>
<kw name="Close Application" library="common_keywords">
<doc>Close application</doc>
<kw name="Run Keyword And Ignore Error" library="BuiltIn">
<arg>AppiumLibrary.Close Application</arg>
<doc>Runs the given keyword with the given arguments and ignores possible error.</doc>
<kw name="Close Application" library="AppiumLibrary">
<doc>Closes the current application and also close webdriver session.</doc>
<status status="PASS" starttime="20211013 09:54:26.983" endtime="20211013 09:54:27.571"/>
</kw>
<status status="PASS" starttime="20211013 09:54:26.983" endtime="20211013 09:54:27.571"/>
</kw>
<status status="PASS" starttime="20211013 09:54:26.983" endtime="20211013 09:54:27.571"/>
</kw>
<status status="PASS" starttime="20211013 09:54:26.983" endtime="20211013 09:54:27.571"/>
</kw>
<status status="PASS" starttime="20211013 09:53:46.714" endtime="20211013 09:54:27.573"/>
</test>
<status status="PASS" starttime="20211013 09:53:09.635" endtime="20211013 09:54:27.575"/>
</suite>
<status status="PASS" starttime="20211013 09:49:47.200" endtime="20211013 09:54:27.577"/>
</suite>
<statistics>
<total>
<stat pass="6" fail="0" skip="0">All Tests</stat>
</total>
<tag>
</tag>
<suite>
<stat pass="6" fail="0" skip="0" id="s1" name="Testcases">Testcases</stat>
<stat pass="2" fail="0" skip="0" id="s1-s1" name="Search Function Invalid">Testcases.Search Function Invalid</stat>
<stat pass="2" fail="0" skip="0" id="s1-s2" name="Search Function Valid">Testcases.Search Function Valid</stat>
<stat pass="2" fail="0" skip="0" id="s1-s3" name="Search Ui">Testcases.Search Ui</stat>
</suite>
</statistics>
<errors>
<msg timestamp="20211013 09:50:33.533" level="WARN">Multiple test cases with name 'Verify Message When Search With Invalid Keyword' executed in test suite 'Testcases.Search Function Invalid'.</msg>
<msg timestamp="20211013 09:52:14.436" level="WARN">Multiple test cases with name 'Verify search funcation' executed in test suite 'Testcases.Search Function Valid'.</msg>
</errors>
</robot>
